{"C:\\Users\\Admin\\Desktop\\Uni\\Programación Avanzada\\Proyecto 3\\2025_proyecto3_front_ClaimFlow\\src\\App.tsx": {"path":"C:\\Users\\Admin\\Desktop\\Uni\\Programación Avanzada\\Proyecto 3\\2025_proyecto3_front_ClaimFlow\\src\\App.tsx","statementMap":{"0":{"start":{"line":1,"column":0},"end":{"line":1,"column":26}},"1":{"start":{"line":2,"column":0},"end":{"line":2,"column":74}},"2":{"start":{"line":3,"column":0},"end":{"line":3,"column":62}},"3":{"start":{"line":4,"column":0},"end":{"line":4,"column":52}},"4":{"start":{"line":5,"column":0},"end":{"line":5,"column":38}},"5":{"start":{"line":6,"column":0},"end":{"line":6,"column":46}},"6":{"start":{"line":7,"column":0},"end":{"line":7,"column":55}},"7":{"start":{"line":8,"column":0},"end":{"line":8,"column":57}},"8":{"start":{"line":9,"column":0},"end":{"line":9,"column":52}},"9":{"start":{"line":10,"column":0},"end":{"line":10,"column":54}},"10":{"start":{"line":11,"column":0},"end":{"line":11,"column":58}},"11":{"start":{"line":12,"column":0},"end":{"line":12,"column":60}},"12":{"start":{"line":13,"column":0},"end":{"line":13,"column":56}},"13":{"start":{"line":14,"column":0},"end":{"line":14,"column":61}},"14":{"start":{"line":15,"column":0},"end":{"line":15,"column":63}},"15":{"start":{"line":16,"column":0},"end":{"line":16,"column":59}},"16":{"start":{"line":17,"column":0},"end":{"line":17,"column":57}},"17":{"start":{"line":18,"column":0},"end":{"line":18,"column":44}},"18":{"start":{"line":20,"column":23},"end":{"line":31,"column":1}},"19":{"start":{"line":21,"column":41},"end":{"line":21,"column":50}},"20":{"start":{"line":23,"column":2},"end":{"line":25,"column":3}},"21":{"start":{"line":24,"column":4},"end":{"line":24,"column":33}},"22":{"start":{"line":27,"column":2},"end":{"line":29,"column":3}},"23":{"start":{"line":28,"column":4},"end":{"line":28,"column":44}},"24":{"start":{"line":30,"column":2},"end":{"line":30,"column":25}},"25":{"start":{"line":34,"column":2},"end":{"line":64,"column":4}},"26":{"start":{"line":67,"column":0},"end":{"line":67,"column":19}}},"fnMap":{"0":{"name":"(anonymous_0)","decl":{"start":{"line":20,"column":23},"end":{"line":20,"column":24}},"loc":{"start":{"line":20,"column":71},"end":{"line":31,"column":1}}},"1":{"name":"App","decl":{"start":{"line":33,"column":9},"end":{"line":33,"column":12}},"loc":{"start":{"line":33,"column":12},"end":{"line":65,"column":1}}}},"branchMap":{"0":{"loc":{"start":{"line":23,"column":2},"end":{"line":25,"column":3}},"type":"if","locations":[{"start":{"line":23,"column":2},"end":{"line":25,"column":3}},{"start":{},"end":{}}]},"1":{"loc":{"start":{"line":27,"column":2},"end":{"line":29,"column":3}},"type":"if","locations":[{"start":{"line":27,"column":2},"end":{"line":29,"column":3}},{"start":{},"end":{}}]}},"s":{"0":1,"1":1,"2":1,"3":1,"4":1,"5":1,"6":1,"7":1,"8":1,"9":1,"10":1,"11":1,"12":1,"13":1,"14":1,"15":1,"16":1,"17":1,"18":1,"19":3,"20":3,"21":0,"22":3,"23":2,"24":1,"25":12,"26":1},"f":{"0":3,"1":12},"b":{"0":[0,3],"1":[2,1]}}
,"C:\\Users\\Admin\\Desktop\\Uni\\Programación Avanzada\\Proyecto 3\\2025_proyecto3_front_ClaimFlow\\src\\components\\layout\\Header.tsx": {"path":"C:\\Users\\Admin\\Desktop\\Uni\\Programación Avanzada\\Proyecto 3\\2025_proyecto3_front_ClaimFlow\\src\\components\\layout\\Header.tsx","statementMap":{"0":{"start":{"line":1,"column":0},"end":{"line":1,"column":26}},"1":{"start":{"line":2,"column":0},"end":{"line":2,"column":81}},"2":{"start":{"line":3,"column":0},"end":{"line":3,"column":38}},"3":{"start":{"line":11,"column":22},"end":{"line":56,"column":1}},"4":{"start":{"line":12,"column":4},"end":{"line":55,"column":6}},"5":{"start":{"line":11,"column":13},"end":{"line":11,"column":22}}},"fnMap":{"0":{"name":"(anonymous_0)","decl":{"start":{"line":11,"column":22},"end":{"line":11,"column":23}},"loc":{"start":{"line":11,"column":72},"end":{"line":56,"column":1}}}},"branchMap":{"0":{"loc":{"start":{"line":19,"column":21},"end":{"line":19,"column":115}},"type":"cond-expr","locations":[{"start":{"line":19,"column":37},"end":{"line":19,"column":75}},{"start":{"line":19,"column":78},"end":{"line":19,"column":115}}]}},"s":{"0":1,"1":1,"2":1,"3":1,"4":1,"5":1},"f":{"0":1},"b":{"0":[1,0]}}
,"C:\\Users\\Admin\\Desktop\\Uni\\Programación Avanzada\\Proyecto 3\\2025_proyecto3_front_ClaimFlow\\src\\components\\layout\\Layout.tsx": {"path":"C:\\Users\\Admin\\Desktop\\Uni\\Programación Avanzada\\Proyecto 3\\2025_proyecto3_front_ClaimFlow\\src\\components\\layout\\Layout.tsx","statementMap":{"0":{"start":{"line":1,"column":0},"end":{"line":1,"column":51}},"1":{"start":{"line":2,"column":0},"end":{"line":2,"column":42}},"2":{"start":{"line":3,"column":0},"end":{"line":3,"column":36}},"3":{"start":{"line":4,"column":0},"end":{"line":4,"column":34}},"4":{"start":{"line":5,"column":0},"end":{"line":5,"column":37}},"5":{"start":{"line":7,"column":22},"end":{"line":55,"column":1}},"6":{"start":{"line":8,"column":46},"end":{"line":8,"column":60}},"7":{"start":{"line":9,"column":36},"end":{"line":9,"column":51}},"8":{"start":{"line":12,"column":4},"end":{"line":26,"column":11}},"9":{"start":{"line":13,"column":29},"end":{"line":21,"column":9}},"10":{"start":{"line":14,"column":27},"end":{"line":14,"column":51}},"11":{"start":{"line":15,"column":12},"end":{"line":15,"column":32}},"12":{"start":{"line":16,"column":12},"end":{"line":20,"column":13}},"13":{"start":{"line":17,"column":16},"end":{"line":17,"column":40}},"14":{"start":{"line":19,"column":16},"end":{"line":19,"column":39}},"15":{"start":{"line":23,"column":8},"end":{"line":23,"column":23}},"16":{"start":{"line":24,"column":8},"end":{"line":24,"column":56}},"17":{"start":{"line":25,"column":8},"end":{"line":25,"column":72}},"18":{"start":{"line":25,"column":21},"end":{"line":25,"column":71}},"19":{"start":{"line":28,"column":26},"end":{"line":28,"column":64}},"20":{"start":{"line":28,"column":32},"end":{"line":28,"column":64}},"21":{"start":{"line":30,"column":4},"end":{"line":54,"column":6}},"22":{"start":{"line":36,"column":35},"end":{"line":36,"column":58}},"23":{"start":{"line":40,"column":79},"end":{"line":40,"column":102}},"24":{"start":{"line":7,"column":13},"end":{"line":7,"column":22}}},"fnMap":{"0":{"name":"(anonymous_0)","decl":{"start":{"line":7,"column":22},"end":{"line":7,"column":25}},"loc":{"start":{"line":7,"column":27},"end":{"line":55,"column":1}}},"1":{"name":"(anonymous_1)","decl":{"start":{"line":12,"column":14},"end":{"line":12,"column":17}},"loc":{"start":{"line":12,"column":19},"end":{"line":26,"column":5}}},"2":{"name":"(anonymous_2)","decl":{"start":{"line":13,"column":29},"end":{"line":13,"column":32}},"loc":{"start":{"line":13,"column":34},"end":{"line":21,"column":9}}},"3":{"name":"(anonymous_3)","decl":{"start":{"line":25,"column":15},"end":{"line":25,"column":18}},"loc":{"start":{"line":25,"column":21},"end":{"line":25,"column":71}}},"4":{"name":"(anonymous_4)","decl":{"start":{"line":28,"column":26},"end":{"line":28,"column":29}},"loc":{"start":{"line":28,"column":32},"end":{"line":28,"column":64}}},"5":{"name":"(anonymous_5)","decl":{"start":{"line":36,"column":29},"end":{"line":36,"column":32}},"loc":{"start":{"line":36,"column":35},"end":{"line":36,"column":58}}},"6":{"name":"(anonymous_6)","decl":{"start":{"line":40,"column":73},"end":{"line":40,"column":76}},"loc":{"start":{"line":40,"column":79},"end":{"line":40,"column":102}}}},"branchMap":{"0":{"loc":{"start":{"line":16,"column":12},"end":{"line":20,"column":13}},"type":"if","locations":[{"start":{"line":16,"column":12},"end":{"line":20,"column":13}},{"start":{"line":18,"column":19},"end":{"line":20,"column":13}}]},"1":{"loc":{"start":{"line":33,"column":13},"end":{"line":37,"column":null}},"type":"binary-expr","locations":[{"start":{"line":33,"column":13},"end":{"line":33,"column":21}},{"start":{"line":33,"column":25},"end":{"line":33,"column":38}},{"start":{"line":34,"column":16},"end":{"line":36,"column":null}}]},"2":{"loc":{"start":{"line":44,"column":16},"end":{"line":44,"column":64}},"type":"binary-expr","locations":[{"start":{"line":44,"column":16},"end":{"line":44,"column":25}},{"start":{"line":44,"column":30},"end":{"line":44,"column":63}}]},"3":{"loc":{"start":{"line":44,"column":30},"end":{"line":44,"column":63}},"type":"cond-expr","locations":[{"start":{"line":44,"column":46},"end":{"line":44,"column":53}},{"start":{"line":44,"column":56},"end":{"line":44,"column":63}}]}},"s":{"0":1,"1":1,"2":1,"3":1,"4":1,"5":1,"6":1,"7":1,"8":1,"9":1,"10":1,"11":1,"12":1,"13":0,"14":1,"15":1,"16":1,"17":1,"18":1,"19":1,"20":0,"21":1,"22":0,"23":0,"24":1},"f":{"0":1,"1":1,"2":1,"3":1,"4":0,"5":0,"6":0},"b":{"0":[0,1],"1":[1,0,0],"2":[1,1],"3":[1,0]}}
,"C:\\Users\\Admin\\Desktop\\Uni\\Programación Avanzada\\Proyecto 3\\2025_proyecto3_front_ClaimFlow\\src\\components\\layout\\Sidebar.tsx": {"path":"C:\\Users\\Admin\\Desktop\\Uni\\Programación Avanzada\\Proyecto 3\\2025_proyecto3_front_ClaimFlow\\src\\components\\layout\\Sidebar.tsx","statementMap":{"0":{"start":{"line":1,"column":0},"end":{"line":1,"column":26}},"1":{"start":{"line":2,"column":0},"end":{"line":2,"column":43}},"2":{"start":{"line":3,"column":0},"end":{"line":3,"column":104}},"3":{"start":{"line":4,"column":0},"end":{"line":4,"column":37}},"4":{"start":{"line":5,"column":0},"end":{"line":5,"column":41}},"5":{"start":{"line":7,"column":0},"end":{"line":7,"column":52}},"6":{"start":{"line":15,"column":23},"end":{"line":107,"column":1}},"7":{"start":{"line":16,"column":23},"end":{"line":16,"column":32}},"8":{"start":{"line":17,"column":21},"end":{"line":24,"column":6}},"9":{"start":{"line":26,"column":4},"end":{"line":106,"column":6}},"10":{"start":{"line":52,"column":28},"end":{"line":53,"column":null}},"11":{"start":{"line":57,"column":36},"end":{"line":62,"column":null}},"12":{"start":{"line":15,"column":13},"end":{"line":15,"column":23}}},"fnMap":{"0":{"name":"(anonymous_0)","decl":{"start":{"line":15,"column":23},"end":{"line":15,"column":24}},"loc":{"start":{"line":15,"column":71},"end":{"line":107,"column":1}}},"1":{"name":"(anonymous_1)","decl":{"start":{"line":51,"column":38},"end":{"line":51,"column":39}},"loc":{"start":{"line":52,"column":28},"end":{"line":53,"column":null}}},"2":{"name":"(anonymous_2)","decl":{"start":{"line":56,"column":43},"end":{"line":56,"column":44}},"loc":{"start":{"line":57,"column":36},"end":{"line":62,"column":null}}}},"branchMap":{"0":{"loc":{"start":{"line":30,"column":16},"end":{"line":30,"column":106}},"type":"cond-expr","locations":[{"start":{"line":30,"column":25},"end":{"line":30,"column":45}},{"start":{"line":30,"column":48},"end":{"line":30,"column":106}}]},"1":{"loc":{"start":{"line":30,"column":48},"end":{"line":30,"column":106}},"type":"cond-expr","locations":[{"start":{"line":30,"column":59},"end":{"line":30,"column":83}},{"start":{"line":30,"column":86},"end":{"line":30,"column":106}}]},"2":{"loc":{"start":{"line":36,"column":20},"end":{"line":36,"column":59}},"type":"cond-expr","locations":[{"start":{"line":36,"column":29},"end":{"line":36,"column":35}},{"start":{"line":36,"column":38},"end":{"line":36,"column":59}}]},"3":{"loc":{"start":{"line":42,"column":28},"end":{"line":42,"column":68}},"type":"cond-expr","locations":[{"start":{"line":42,"column":37},"end":{"line":42,"column":50}},{"start":{"line":42,"column":53},"end":{"line":42,"column":68}}]},"4":{"loc":{"start":{"line":55,"column":41},"end":{"line":55,"column":71}},"type":"cond-expr","locations":[{"start":{"line":55,"column":52},"end":{"line":55,"column":59}},{"start":{"line":55,"column":62},"end":{"line":55,"column":71}}]},"5":{"loc":{"start":{"line":59,"column":40},"end":{"line":59,"column":79}},"type":"cond-expr","locations":[{"start":{"line":59,"column":49},"end":{"line":59,"column":55}},{"start":{"line":59,"column":58},"end":{"line":59,"column":79}}]},"6":{"loc":{"start":{"line":60,"column":40},"end":{"line":62,"column":114}},"type":"cond-expr","locations":[{"start":{"line":61,"column":46},"end":{"line":61,"column":78}},{"start":{"line":62,"column":46},"end":{"line":62,"column":114}}]},"7":{"loc":{"start":{"line":65,"column":39},"end":{"line":65,"column":71}},"type":"cond-expr","locations":[{"start":{"line":65,"column":49},"end":{"line":65,"column":59}},{"start":{"line":65,"column":62},"end":{"line":65,"column":71}}]},"8":{"loc":{"start":{"line":67,"column":111},"end":{"line":67,"column":145}},"type":"binary-expr","locations":[{"start":{"line":67,"column":111},"end":{"line":67,"column":118}},{"start":{"line":67,"column":122},"end":{"line":67,"column":145}}]},"9":{"loc":{"start":{"line":70,"column":36},"end":{"line":70,"column":112}},"type":"cond-expr","locations":[{"start":{"line":70,"column":45},"end":{"line":70,"column":72}},{"start":{"line":70,"column":75},"end":{"line":70,"column":112}}]},"10":{"loc":{"start":{"line":76,"column":33},"end":{"line":79,"column":null}},"type":"binary-expr","locations":[{"start":{"line":76,"column":33},"end":{"line":76,"column":40}},{"start":{"line":76,"column":44},"end":{"line":76,"column":53}},{"start":{"line":77,"column":36},"end":{"line":78,"column":null}}]},"11":{"loc":{"start":{"line":91,"column":28},"end":{"line":91,"column":67}},"type":"cond-expr","locations":[{"start":{"line":91,"column":37},"end":{"line":91,"column":43}},{"start":{"line":91,"column":46},"end":{"line":91,"column":67}}]},"12":{"loc":{"start":{"line":93,"column":31},"end":{"line":93,"column":68}},"type":"cond-expr","locations":[{"start":{"line":93,"column":41},"end":{"line":93,"column":56}},{"start":{"line":93,"column":59},"end":{"line":93,"column":68}}]},"13":{"loc":{"start":{"line":98,"column":28},"end":{"line":98,"column":75}},"type":"cond-expr","locations":[{"start":{"line":98,"column":37},"end":{"line":98,"column":50}},{"start":{"line":98,"column":53},"end":{"line":98,"column":75}}]}},"s":{"0":1,"1":1,"2":1,"3":1,"4":1,"5":1,"6":1,"7":1,"8":1,"9":1,"10":6,"11":12,"12":1},"f":{"0":1,"1":6,"2":12},"b":{"0":[1,0],"1":[0,0],"2":[1,0],"3":[1,0],"4":[0,6],"5":[12,0],"6":[1,11],"7":[0,6],"8":[6,0],"9":[6,0],"10":[6,0,0],"11":[1,0],"12":[0,1],"13":[1,0]}}
,"C:\\Users\\Admin\\Desktop\\Uni\\Programación Avanzada\\Proyecto 3\\2025_proyecto3_front_ClaimFlow\\src\\components\\ui\\Button.tsx": {"path":"C:\\Users\\Admin\\Desktop\\Uni\\Programación Avanzada\\Proyecto 3\\2025_proyecto3_front_ClaimFlow\\src\\components\\ui\\Button.tsx","statementMap":{"0":{"start":{"line":1,"column":0},"end":{"line":1,"column":31}},"1":{"start":{"line":2,"column":0},"end":{"line":2,"column":37}},"2":{"start":{"line":3,"column":0},"end":{"line":3,"column":39}},"3":{"start":{"line":11,"column":13},"end":{"line":44,"column":2}},"4":{"start":{"line":13,"column":25},"end":{"line":19,"column":10}},"5":{"start":{"line":21,"column":22},"end":{"line":25,"column":10}},"6":{"start":{"line":27,"column":8},"end":{"line":42,"column":10}},"7":{"start":{"line":46,"column":0},"end":{"line":46,"column":30}}},"fnMap":{"0":{"name":"(anonymous_0)","decl":{"start":{"line":12,"column":4},"end":{"line":12,"column":5}},"loc":{"start":{"line":12,"column":92},"end":{"line":43,"column":5}}}},"branchMap":{"0":{"loc":{"start":{"line":12,"column":18},"end":{"line":12,"column":37}},"type":"default-arg","locations":[{"start":{"line":12,"column":28},"end":{"line":12,"column":37}}]},"1":{"loc":{"start":{"line":12,"column":39},"end":{"line":12,"column":50}},"type":"default-arg","locations":[{"start":{"line":12,"column":46},"end":{"line":12,"column":50}}]},"2":{"loc":{"start":{"line":36,"column":26},"end":{"line":36,"column":53}},"type":"binary-expr","locations":[{"start":{"line":36,"column":26},"end":{"line":36,"column":35}},{"start":{"line":36,"column":39},"end":{"line":36,"column":53}}]},"3":{"loc":{"start":{"line":39,"column":17},"end":{"line":39,"column":79}},"type":"binary-expr","locations":[{"start":{"line":39,"column":17},"end":{"line":39,"column":26}},{"start":{"line":39,"column":30},"end":{"line":39,"column":79}}]}},"s":{"0":3,"1":3,"2":3,"3":3,"4":18,"5":18,"6":18,"7":3},"f":{"0":18},"b":{"0":[14],"1":[15],"2":[18,16],"3":[18,2]}}
,"C:\\Users\\Admin\\Desktop\\Uni\\Programación Avanzada\\Proyecto 3\\2025_proyecto3_front_ClaimFlow\\src\\components\\ui\\Card.tsx": {"path":"C:\\Users\\Admin\\Desktop\\Uni\\Programación Avanzada\\Proyecto 3\\2025_proyecto3_front_ClaimFlow\\src\\components\\ui\\Card.tsx","statementMap":{"0":{"start":{"line":1,"column":0},"end":{"line":1,"column":31}},"1":{"start":{"line":2,"column":0},"end":{"line":2,"column":37}},"2":{"start":{"line":8,"column":13},"end":{"line":22,"column":2}},"3":{"start":{"line":10,"column":8},"end":{"line":20,"column":10}},"4":{"start":{"line":23,"column":0},"end":{"line":23,"column":26}},"5":{"start":{"line":25,"column":13},"end":{"line":29,"column":2}},"6":{"start":{"line":27,"column":8},"end":{"line":27,"column":95}},"7":{"start":{"line":30,"column":0},"end":{"line":30,"column":38}},"8":{"start":{"line":32,"column":13},"end":{"line":36,"column":2}},"9":{"start":{"line":34,"column":8},"end":{"line":34,"column":106}},"10":{"start":{"line":37,"column":0},"end":{"line":37,"column":36}},"11":{"start":{"line":39,"column":13},"end":{"line":43,"column":2}},"12":{"start":{"line":41,"column":8},"end":{"line":41,"column":74}},"13":{"start":{"line":44,"column":0},"end":{"line":44,"column":40}}},"fnMap":{"0":{"name":"(anonymous_0)","decl":{"start":{"line":9,"column":4},"end":{"line":9,"column":5}},"loc":{"start":{"line":9,"column":58},"end":{"line":21,"column":5}}},"1":{"name":"(anonymous_1)","decl":{"start":{"line":26,"column":4},"end":{"line":26,"column":5}},"loc":{"start":{"line":27,"column":8},"end":{"line":27,"column":95}}},"2":{"name":"(anonymous_2)","decl":{"start":{"line":33,"column":4},"end":{"line":33,"column":5}},"loc":{"start":{"line":34,"column":8},"end":{"line":34,"column":106}}},"3":{"name":"(anonymous_3)","decl":{"start":{"line":40,"column":4},"end":{"line":40,"column":5}},"loc":{"start":{"line":41,"column":8},"end":{"line":41,"column":74}}}},"branchMap":{"0":{"loc":{"start":{"line":9,"column":18},"end":{"line":9,"column":37}},"type":"default-arg","locations":[{"start":{"line":9,"column":32},"end":{"line":9,"column":37}}]},"1":{"loc":{"start":{"line":15,"column":20},"end":{"line":15,"column":107}},"type":"binary-expr","locations":[{"start":{"line":15,"column":20},"end":{"line":15,"column":31}},{"start":{"line":15,"column":35},"end":{"line":15,"column":107}}]}},"s":{"0":4,"1":4,"2":4,"3":184,"4":4,"5":4,"6":178,"7":4,"8":4,"9":178,"10":4,"11":4,"12":174,"13":4},"f":{"0":184,"1":178,"2":178,"3":174},"b":{"0":[69],"1":[184,115]}}
,"C:\\Users\\Admin\\Desktop\\Uni\\Programación Avanzada\\Proyecto 3\\2025_proyecto3_front_ClaimFlow\\src\\components\\ui\\Input.tsx": {"path":"C:\\Users\\Admin\\Desktop\\Uni\\Programación Avanzada\\Proyecto 3\\2025_proyecto3_front_ClaimFlow\\src\\components\\ui\\Input.tsx","statementMap":{"0":{"start":{"line":1,"column":0},"end":{"line":1,"column":31}},"1":{"start":{"line":2,"column":0},"end":{"line":2,"column":37}},"2":{"start":{"line":9,"column":13},"end":{"line":31,"column":2}},"3":{"start":{"line":11,"column":8},"end":{"line":29,"column":10}},"4":{"start":{"line":33,"column":0},"end":{"line":33,"column":28}}},"fnMap":{"0":{"name":"(anonymous_0)","decl":{"start":{"line":10,"column":4},"end":{"line":10,"column":5}},"loc":{"start":{"line":10,"column":51},"end":{"line":30,"column":5}}}},"branchMap":{"0":{"loc":{"start":{"line":13,"column":17},"end":{"line":16,"column":null}},"type":"binary-expr","locations":[{"start":{"line":13,"column":17},"end":{"line":13,"column":22}},{"start":{"line":14,"column":20},"end":{"line":15,"column":null}}]},"1":{"loc":{"start":{"line":22,"column":24},"end":{"line":22,"column":68}},"type":"binary-expr","locations":[{"start":{"line":22,"column":24},"end":{"line":22,"column":29}},{"start":{"line":22,"column":33},"end":{"line":22,"column":68}}]},"2":{"loc":{"start":{"line":27,"column":17},"end":{"line":27,"column":78}},"type":"binary-expr","locations":[{"start":{"line":27,"column":17},"end":{"line":27,"column":22}},{"start":{"line":27,"column":26},"end":{"line":27,"column":78}}]}},"s":{"0":3,"1":3,"2":3,"3":24,"4":3},"f":{"0":24},"b":{"0":[24,4],"1":[24,3],"2":[24,3]}}
,"C:\\Users\\Admin\\Desktop\\Uni\\Programación Avanzada\\Proyecto 3\\2025_proyecto3_front_ClaimFlow\\src\\context\\AuthContext.tsx": {"path":"C:\\Users\\Admin\\Desktop\\Uni\\Programación Avanzada\\Proyecto 3\\2025_proyecto3_front_ClaimFlow\\src\\context\\AuthContext.tsx","statementMap":{"0":{"start":{"line":1,"column":0},"end":{"line":1,"column":78}},"1":{"start":{"line":2,"column":0},"end":{"line":2,"column":32}},"2":{"start":{"line":14,"column":20},"end":{"line":14,"column":73}},"3":{"start":{"line":16,"column":69},"end":{"line":100,"column":1}},"4":{"start":{"line":17,"column":28},"end":{"line":17,"column":55}},"5":{"start":{"line":18,"column":38},"end":{"line":18,"column":61}},"6":{"start":{"line":19,"column":30},"end":{"line":19,"column":59}},"7":{"start":{"line":21,"column":4},"end":{"line":33,"column":11}},"8":{"start":{"line":22,"column":26},"end":{"line":31,"column":9}},"9":{"start":{"line":23,"column":26},"end":{"line":23,"column":53}},"10":{"start":{"line":24,"column":31},"end":{"line":24,"column":59}},"11":{"start":{"line":26,"column":12},"end":{"line":29,"column":13}},"12":{"start":{"line":28,"column":16},"end":{"line":28,"column":48}},"13":{"start":{"line":30,"column":12},"end":{"line":30,"column":32}},"14":{"start":{"line":32,"column":8},"end":{"line":32,"column":20}},"15":{"start":{"line":35,"column":18},"end":{"line":73,"column":5}},"16":{"start":{"line":36,"column":8},"end":{"line":36,"column":27}},"17":{"start":{"line":37,"column":8},"end":{"line":37,"column":23}},"18":{"start":{"line":38,"column":8},"end":{"line":72,"column":9}},"19":{"start":{"line":39,"column":29},"end":{"line":45,"column":14}},"20":{"start":{"line":47,"column":12},"end":{"line":50,"column":13}},"21":{"start":{"line":48,"column":34},"end":{"line":48,"column":55}},"22":{"start":{"line":49,"column":16},"end":{"line":49,"column":80}},"23":{"start":{"line":52,"column":25},"end":{"line":52,"column":46}},"24":{"start":{"line":53,"column":51},"end":{"line":53,"column":55}},"25":{"start":{"line":56,"column":37},"end":{"line":62,"column":14}},"26":{"start":{"line":64,"column":12},"end":{"line":64,"column":69}},"27":{"start":{"line":65,"column":12},"end":{"line":65,"column":69}},"28":{"start":{"line":66,"column":12},"end":{"line":66,"column":32}},"29":{"start":{"line":68,"column":12},"end":{"line":68,"column":34}},"30":{"start":{"line":69,"column":12},"end":{"line":69,"column":22}},"31":{"start":{"line":71,"column":12},"end":{"line":71,"column":32}},"32":{"start":{"line":75,"column":19},"end":{"line":93,"column":5}},"33":{"start":{"line":76,"column":8},"end":{"line":92,"column":9}},"34":{"start":{"line":77,"column":26},"end":{"line":77,"column":53}},"35":{"start":{"line":78,"column":12},"end":{"line":85,"column":13}},"36":{"start":{"line":79,"column":16},"end":{"line":84,"column":19}},"37":{"start":{"line":87,"column":12},"end":{"line":87,"column":55}},"38":{"start":{"line":89,"column":12},"end":{"line":89,"column":43}},"39":{"start":{"line":90,"column":12},"end":{"line":90,"column":44}},"40":{"start":{"line":91,"column":12},"end":{"line":91,"column":26}},"41":{"start":{"line":95,"column":4},"end":{"line":99,"column":6}},"42":{"start":{"line":16,"column":13},"end":{"line":16,"column":69}},"43":{"start":{"line":102,"column":23},"end":{"line":108,"column":1}},"44":{"start":{"line":103,"column":20},"end":{"line":103,"column":43}},"45":{"start":{"line":104,"column":4},"end":{"line":106,"column":5}},"46":{"start":{"line":105,"column":8},"end":{"line":105,"column":71}},"47":{"start":{"line":107,"column":4},"end":{"line":107,"column":19}},"48":{"start":{"line":102,"column":13},"end":{"line":102,"column":23}}},"fnMap":{"0":{"name":"(anonymous_0)","decl":{"start":{"line":16,"column":69},"end":{"line":16,"column":70}},"loc":{"start":{"line":16,"column":86},"end":{"line":100,"column":1}}},"1":{"name":"(anonymous_1)","decl":{"start":{"line":21,"column":14},"end":{"line":21,"column":17}},"loc":{"start":{"line":21,"column":19},"end":{"line":33,"column":5}}},"2":{"name":"(anonymous_2)","decl":{"start":{"line":22,"column":26},"end":{"line":22,"column":31}},"loc":{"start":{"line":22,"column":37},"end":{"line":31,"column":9}}},"3":{"name":"(anonymous_3)","decl":{"start":{"line":35,"column":18},"end":{"line":35,"column":23}},"loc":{"start":{"line":35,"column":60},"end":{"line":73,"column":5}}},"4":{"name":"(anonymous_4)","decl":{"start":{"line":75,"column":19},"end":{"line":75,"column":24}},"loc":{"start":{"line":75,"column":30},"end":{"line":93,"column":5}}},"5":{"name":"(anonymous_5)","decl":{"start":{"line":102,"column":23},"end":{"line":102,"column":26}},"loc":{"start":{"line":102,"column":28},"end":{"line":108,"column":1}}}},"branchMap":{"0":{"loc":{"start":{"line":26,"column":12},"end":{"line":29,"column":13}},"type":"if","locations":[{"start":{"line":26,"column":12},"end":{"line":29,"column":13}},{"start":{},"end":{}}]},"1":{"loc":{"start":{"line":26,"column":16},"end":{"line":26,"column":35}},"type":"binary-expr","locations":[{"start":{"line":26,"column":16},"end":{"line":26,"column":21}},{"start":{"line":26,"column":25},"end":{"line":26,"column":35}}]},"2":{"loc":{"start":{"line":47,"column":12},"end":{"line":50,"column":13}},"type":"if","locations":[{"start":{"line":47,"column":12},"end":{"line":50,"column":13}},{"start":{},"end":{}}]},"3":{"loc":{"start":{"line":49,"column":32},"end":{"line":49,"column":78}},"type":"binary-expr","locations":[{"start":{"line":49,"column":32},"end":{"line":49,"column":49}},{"start":{"line":49,"column":53},"end":{"line":49,"column":78}}]},"4":{"loc":{"start":{"line":78,"column":12},"end":{"line":85,"column":13}},"type":"if","locations":[{"start":{"line":78,"column":12},"end":{"line":85,"column":13}},{"start":{},"end":{}}]},"5":{"loc":{"start":{"line":104,"column":4},"end":{"line":106,"column":5}},"type":"if","locations":[{"start":{"line":104,"column":4},"end":{"line":106,"column":5}},{"start":{},"end":{}}]}},"s":{"0":2,"1":2,"2":2,"3":2,"4":89,"5":89,"6":89,"7":89,"8":17,"9":17,"10":17,"11":17,"12":3,"13":17,"14":17,"15":89,"16":11,"17":11,"18":11,"19":11,"20":10,"21":3,"22":3,"23":7,"24":7,"25":7,"26":7,"27":7,"28":7,"29":4,"30":4,"31":11,"32":89,"33":5,"34":5,"35":5,"36":5,"37":1,"38":5,"39":5,"40":5,"41":89,"42":2,"43":2,"44":89,"45":88,"46":0,"47":88,"48":2},"f":{"0":89,"1":17,"2":17,"3":11,"4":5,"5":89},"b":{"0":[3,14],"1":[17,6],"2":[3,7],"3":[3,1],"4":[5,0],"5":[0,88]}}
,"C:\\Users\\Admin\\Desktop\\Uni\\Programación Avanzada\\Proyecto 3\\2025_proyecto3_front_ClaimFlow\\src\\lib\\mock-data.ts": {"path":"C:\\Users\\Admin\\Desktop\\Uni\\Programación Avanzada\\Proyecto 3\\2025_proyecto3_front_ClaimFlow\\src\\lib\\mock-data.ts","statementMap":{"0":{"start":{"line":3,"column":13},"end":{"line":7,"column":2}},"1":{"start":{"line":9,"column":13},"end":{"line":27,"column":2}},"2":{"start":{"line":29,"column":13},"end":{"line":64,"column":2}}},"fnMap":{},"branchMap":{},"s":{"0":1,"1":1,"2":1},"f":{},"b":{}}
,"C:\\Users\\Admin\\Desktop\\Uni\\Programación Avanzada\\Proyecto 3\\2025_proyecto3_front_ClaimFlow\\src\\lib\\utils.ts": {"path":"C:\\Users\\Admin\\Desktop\\Uni\\Programación Avanzada\\Proyecto 3\\2025_proyecto3_front_ClaimFlow\\src\\lib\\utils.ts","statementMap":{"0":{"start":{"line":4,"column":0},"end":{"line":4,"column":16}},"1":{"start":{"line":1,"column":0},"end":{"line":1,"column":45}},"2":{"start":{"line":2,"column":0},"end":{"line":2,"column":41}},"3":{"start":{"line":5,"column":4},"end":{"line":5,"column":33}}},"fnMap":{"0":{"name":"cn","decl":{"start":{"line":4,"column":16},"end":{"line":4,"column":18}},"loc":{"start":{"line":4,"column":42},"end":{"line":6,"column":1}}}},"branchMap":{},"s":{"0":6,"1":6,"2":6,"3":786},"f":{"0":786},"b":{}}
,"C:\\Users\\Admin\\Desktop\\Uni\\Programación Avanzada\\Proyecto 3\\2025_proyecto3_front_ClaimFlow\\src\\pages\\Dashboard.tsx": {"path":"C:\\Users\\Admin\\Desktop\\Uni\\Programación Avanzada\\Proyecto 3\\2025_proyecto3_front_ClaimFlow\\src\\pages\\Dashboard.tsx","statementMap":{"0":{"start":{"line":1,"column":0},"end":{"line":1,"column":26}},"1":{"start":{"line":2,"column":0},"end":{"line":2,"column":81}},"2":{"start":{"line":3,"column":0},"end":{"line":3,"column":121}},"3":{"start":{"line":4,"column":0},"end":{"line":4,"column":76}},"4":{"start":{"line":6,"column":13},"end":{"line":14,"column":2}},"5":{"start":{"line":16,"column":16},"end":{"line":20,"column":2}},"6":{"start":{"line":22,"column":15},"end":{"line":22,"column":48}},"7":{"start":{"line":24,"column":25},"end":{"line":129,"column":1}},"8":{"start":{"line":25,"column":4},"end":{"line":128,"column":6}},"9":{"start":{"line":85,"column":130},"end":{"line":85,"column":140}},"10":{"start":{"line":110,"column":40},"end":{"line":110,"column":68}},"11":{"start":{"line":118,"column":32},"end":{"line":118,"column":54}},"12":{"start":{"line":24,"column":13},"end":{"line":24,"column":25}}},"fnMap":{"0":{"name":"(anonymous_0)","decl":{"start":{"line":24,"column":25},"end":{"line":24,"column":28}},"loc":{"start":{"line":24,"column":30},"end":{"line":129,"column":1}}},"1":{"name":"(anonymous_1)","decl":{"start":{"line":85,"column":119},"end":{"line":85,"column":120}},"loc":{"start":{"line":85,"column":130},"end":{"line":85,"column":140}}},"2":{"name":"(anonymous_2)","decl":{"start":{"line":109,"column":49},"end":{"line":109,"column":50}},"loc":{"start":{"line":110,"column":40},"end":{"line":110,"column":68}}},"3":{"name":"(anonymous_3)","decl":{"start":{"line":117,"column":41},"end":{"line":117,"column":42}},"loc":{"start":{"line":118,"column":32},"end":{"line":118,"column":54}}}},"branchMap":{},"s":{"0":2,"1":2,"2":2,"3":2,"4":2,"5":2,"6":2,"7":2,"8":28,"9":0,"10":84,"11":84,"12":2},"f":{"0":28,"1":0,"2":84,"3":84},"b":{}}
,"C:\\Users\\Admin\\Desktop\\Uni\\Programación Avanzada\\Proyecto 3\\2025_proyecto3_front_ClaimFlow\\src\\pages\\Login.tsx": {"path":"C:\\Users\\Admin\\Desktop\\Uni\\Programación Avanzada\\Proyecto 3\\2025_proyecto3_front_ClaimFlow\\src\\pages\\Login.tsx","statementMap":{"0":{"start":{"line":1,"column":0},"end":{"line":1,"column":49}},"1":{"start":{"line":2,"column":0},"end":{"line":2,"column":47}},"2":{"start":{"line":3,"column":0},"end":{"line":3,"column":28}},"3":{"start":{"line":4,"column":0},"end":{"line":4,"column":49}},"4":{"start":{"line":5,"column":0},"end":{"line":5,"column":47}},"5":{"start":{"line":6,"column":0},"end":{"line":6,"column":81}},"6":{"start":{"line":8,"column":0},"end":{"line":8,"column":49}},"7":{"start":{"line":10,"column":0},"end":{"line":10,"column":38}},"8":{"start":{"line":12,"column":21},"end":{"line":99,"column":1}},"9":{"start":{"line":13,"column":21},"end":{"line":13,"column":34}},"10":{"start":{"line":14,"column":40},"end":{"line":14,"column":49}},"11":{"start":{"line":15,"column":20},"end":{"line":15,"column":48}},"12":{"start":{"line":16,"column":30},"end":{"line":16,"column":48}},"13":{"start":{"line":17,"column":36},"end":{"line":17,"column":54}},"14":{"start":{"line":19,"column":4},"end":{"line":28,"column":11}},"15":{"start":{"line":20,"column":8},"end":{"line":27,"column":11}},"16":{"start":{"line":30,"column":24},"end":{"line":38,"column":5}},"17":{"start":{"line":31,"column":8},"end":{"line":31,"column":27}},"18":{"start":{"line":32,"column":8},"end":{"line":37,"column":9}},"19":{"start":{"line":33,"column":12},"end":{"line":33,"column":41}},"20":{"start":{"line":34,"column":12},"end":{"line":34,"column":26}},"21":{"start":{"line":40,"column":4},"end":{"line":98,"column":6}},"22":{"start":{"line":73,"column":53},"end":{"line":73,"column":77}},"23":{"start":{"line":83,"column":53},"end":{"line":83,"column":80}},"24":{"start":{"line":12,"column":13},"end":{"line":12,"column":21}}},"fnMap":{"0":{"name":"(anonymous_0)","decl":{"start":{"line":12,"column":21},"end":{"line":12,"column":24}},"loc":{"start":{"line":12,"column":26},"end":{"line":99,"column":1}}},"1":{"name":"(anonymous_1)","decl":{"start":{"line":19,"column":14},"end":{"line":19,"column":17}},"loc":{"start":{"line":19,"column":19},"end":{"line":28,"column":5}}},"2":{"name":"(anonymous_2)","decl":{"start":{"line":30,"column":24},"end":{"line":30,"column":29}},"loc":{"start":{"line":30,"column":53},"end":{"line":38,"column":5}}},"3":{"name":"(anonymous_3)","decl":{"start":{"line":73,"column":46},"end":{"line":73,"column":47}},"loc":{"start":{"line":73,"column":53},"end":{"line":73,"column":77}}},"4":{"name":"(anonymous_4)","decl":{"start":{"line":83,"column":46},"end":{"line":83,"column":47}},"loc":{"start":{"line":83,"column":53},"end":{"line":83,"column":80}}}},"branchMap":{"0":{"loc":{"start":{"line":60,"column":29},"end":{"line":63,"column":null}},"type":"binary-expr","locations":[{"start":{"line":60,"column":29},"end":{"line":60,"column":34}},{"start":{"line":61,"column":32},"end":{"line":62,"column":null}}]},"1":{"loc":{"start":{"line":87,"column":33},"end":{"line":87,"column":73}},"type":"cond-expr","locations":[{"start":{"line":87,"column":45},"end":{"line":87,"column":60}},{"start":{"line":87,"column":63},"end":{"line":87,"column":73}}]}},"s":{"0":2,"1":2,"2":2,"3":2,"4":2,"5":2,"6":2,"7":2,"8":2,"9":60,"10":59,"11":58,"12":58,"13":0,"14":0,"15":0,"16":0,"17":0,"18":0,"19":0,"20":0,"21":0,"22":0,"23":0,"24":2},"f":{"0":60,"1":0,"2":0,"3":0,"4":0},"b":{"0":[0,0],"1":[0,0]}}
,"C:\\Users\\Admin\\Desktop\\Uni\\Programación Avanzada\\Proyecto 3\\2025_proyecto3_front_ClaimFlow\\src\\pages\\Settings.tsx": {"path":"C:\\Users\\Admin\\Desktop\\Uni\\Programación Avanzada\\Proyecto 3\\2025_proyecto3_front_ClaimFlow\\src\\pages\\Settings.tsx","statementMap":{"0":{"start":{"line":1,"column":0},"end":{"line":1,"column":26}},"1":{"start":{"line":2,"column":0},"end":{"line":2,"column":81}},"2":{"start":{"line":3,"column":0},"end":{"line":3,"column":49}},"3":{"start":{"line":4,"column":0},"end":{"line":4,"column":54}},"4":{"start":{"line":6,"column":24},"end":{"line":70,"column":1}},"5":{"start":{"line":7,"column":4},"end":{"line":69,"column":6}},"6":{"start":{"line":6,"column":13},"end":{"line":6,"column":24}}},"fnMap":{"0":{"name":"(anonymous_0)","decl":{"start":{"line":6,"column":24},"end":{"line":6,"column":27}},"loc":{"start":{"line":6,"column":29},"end":{"line":70,"column":1}}}},"branchMap":{},"s":{"0":1,"1":1,"2":1,"3":1,"4":1,"5":0,"6":1},"f":{"0":0},"b":{}}
,"C:\\Users\\Admin\\Desktop\\Uni\\Programación Avanzada\\Proyecto 3\\2025_proyecto3_front_ClaimFlow\\src\\pages\\claims\\ClaimDetail.tsx": {"path":"C:\\Users\\Admin\\Desktop\\Uni\\Programación Avanzada\\Proyecto 3\\2025_proyecto3_front_ClaimFlow\\src\\pages\\claims\\ClaimDetail.tsx","statementMap":{"0":{"start":{"line":1,"column":0},"end":{"line":1,"column":49}},"1":{"start":{"line":2,"column":0},"end":{"line":2,"column":51}},"2":{"start":{"line":3,"column":0},"end":{"line":3,"column":126}},"3":{"start":{"line":4,"column":0},"end":{"line":4,"column":28}},"4":{"start":{"line":5,"column":0},"end":{"line":5,"column":52}},"5":{"start":{"line":6,"column":0},"end":{"line":6,"column":84}},"6":{"start":{"line":7,"column":0},"end":{"line":7,"column":50}},"7":{"start":{"line":8,"column":0},"end":{"line":8,"column":37}},"8":{"start":{"line":10,"column":27},"end":{"line":173,"column":1}},"9":{"start":{"line":11,"column":19},"end":{"line":11,"column":30}},"10":{"start":{"line":12,"column":18},"end":{"line":12,"column":70}},"11":{"start":{"line":12,"column":40},"end":{"line":12,"column":51}},"12":{"start":{"line":13,"column":24},"end":{"line":13,"column":52}},"13":{"start":{"line":15,"column":4},"end":{"line":23,"column":11}},"14":{"start":{"line":16,"column":8},"end":{"line":22,"column":11}},"15":{"start":{"line":25,"column":4},"end":{"line":172,"column":6}},"16":{"start":{"line":10,"column":13},"end":{"line":10,"column":27}}},"fnMap":{"0":{"name":"(anonymous_0)","decl":{"start":{"line":10,"column":27},"end":{"line":10,"column":30}},"loc":{"start":{"line":10,"column":32},"end":{"line":173,"column":1}}},"1":{"name":"(anonymous_1)","decl":{"start":{"line":12,"column":35},"end":{"line":12,"column":36}},"loc":{"start":{"line":12,"column":40},"end":{"line":12,"column":51}}},"2":{"name":"(anonymous_2)","decl":{"start":{"line":15,"column":14},"end":{"line":15,"column":17}},"loc":{"start":{"line":15,"column":19},"end":{"line":23,"column":5}}}},"branchMap":{"0":{"loc":{"start":{"line":12,"column":18},"end":{"line":12,"column":70}},"type":"binary-expr","locations":[{"start":{"line":12,"column":18},"end":{"line":12,"column":52}},{"start":{"line":12,"column":56},"end":{"line":12,"column":70}}]},"1":{"loc":{"start":{"line":38,"column":28},"end":{"line":38,"column":85}},"type":"binary-expr","locations":[{"start":{"line":38,"column":28},"end":{"line":38,"column":54}},{"start":{"line":38,"column":58},"end":{"line":38,"column":85}}]},"2":{"loc":{"start":{"line":39,"column":28},"end":{"line":39,"column":92}},"type":"binary-expr","locations":[{"start":{"line":39,"column":28},"end":{"line":39,"column":57}},{"start":{"line":39,"column":61},"end":{"line":39,"column":92}}]},"3":{"loc":{"start":{"line":40,"column":28},"end":{"line":40,"column":87}},"type":"binary-expr","locations":[{"start":{"line":40,"column":28},"end":{"line":40,"column":54}},{"start":{"line":40,"column":58},"end":{"line":40,"column":87}}]},"4":{"loc":{"start":{"line":67,"column":80},"end":{"line":67,"column":142}},"type":"cond-expr","locations":[{"start":{"line":67,"column":108},"end":{"line":67,"column":122}},{"start":{"line":67,"column":125},"end":{"line":67,"column":142}}]},"5":{"loc":{"start":{"line":89,"column":41},"end":{"line":89,"column":105}},"type":"cond-expr","locations":[{"start":{"line":89,"column":60},"end":{"line":89,"column":89}},{"start":{"line":89,"column":92},"end":{"line":89,"column":105}}]}},"s":{"0":1,"1":1,"2":1,"3":1,"4":1,"5":1,"6":1,"7":1,"8":1,"9":0,"10":0,"11":0,"12":0,"13":0,"14":0,"15":0,"16":1},"f":{"0":0,"1":0,"2":0},"b":{"0":[0,0],"1":[0,0],"2":[0,0],"3":[0,0],"4":[0,0],"5":[0,0]}}
,"C:\\Users\\Admin\\Desktop\\Uni\\Programación Avanzada\\Proyecto 3\\2025_proyecto3_front_ClaimFlow\\src\\pages\\claims\\ClaimsList.tsx": {"path":"C:\\Users\\Admin\\Desktop\\Uni\\Programación Avanzada\\Proyecto 3\\2025_proyecto3_front_ClaimFlow\\src\\pages\\claims\\ClaimsList.tsx","statementMap":{"0":{"start":{"line":1,"column":0},"end":{"line":1,"column":51}},"1":{"start":{"line":2,"column":0},"end":{"line":2,"column":40}},"2":{"start":{"line":3,"column":0},"end":{"line":3,"column":66}},"3":{"start":{"line":4,"column":0},"end":{"line":4,"column":52}},"4":{"start":{"line":5,"column":0},"end":{"line":5,"column":50}},"5":{"start":{"line":6,"column":0},"end":{"line":6,"column":73}},"6":{"start":{"line":7,"column":0},"end":{"line":7,"column":37}},"7":{"start":{"line":8,"column":0},"end":{"line":8,"column":58}},"8":{"start":{"line":9,"column":0},"end":{"line":9,"column":32}},"9":{"start":{"line":11,"column":26},"end":{"line":151,"column":1}},"10":{"start":{"line":12,"column":32},"end":{"line":12,"column":51}},"11":{"start":{"line":13,"column":38},"end":{"line":13,"column":52}},"12":{"start":{"line":14,"column":30},"end":{"line":14,"column":59}},"13":{"start":{"line":16,"column":4},"end":{"line":30,"column":11}},"14":{"start":{"line":17,"column":28},"end":{"line":28,"column":9}},"15":{"start":{"line":18,"column":12},"end":{"line":27,"column":13}},"16":{"start":{"line":19,"column":30},"end":{"line":19,"column":57}},"17":{"start":{"line":20,"column":16},"end":{"line":20,"column":35}},"18":{"start":{"line":20,"column":28},"end":{"line":20,"column":35}},"19":{"start":{"line":21,"column":29},"end":{"line":21,"column":51}},"20":{"start":{"line":22,"column":16},"end":{"line":22,"column":32}},"21":{"start":{"line":24,"column":16},"end":{"line":24,"column":38}},"22":{"start":{"line":26,"column":16},"end":{"line":26,"column":36}},"23":{"start":{"line":29,"column":8},"end":{"line":29,"column":22}},"24":{"start":{"line":32,"column":4},"end":{"line":38,"column":5}},"25":{"start":{"line":33,"column":8},"end":{"line":37,"column":10}},"26":{"start":{"line":40,"column":4},"end":{"line":150,"column":6}},"27":{"start":{"line":96,"column":40},"end":{"line":96,"column":60}},"28":{"start":{"line":11,"column":13},"end":{"line":11,"column":26}}},"fnMap":{"0":{"name":"(anonymous_0)","decl":{"start":{"line":11,"column":26},"end":{"line":11,"column":29}},"loc":{"start":{"line":11,"column":31},"end":{"line":151,"column":1}}},"1":{"name":"(anonymous_1)","decl":{"start":{"line":16,"column":14},"end":{"line":16,"column":17}},"loc":{"start":{"line":16,"column":19},"end":{"line":30,"column":5}}},"2":{"name":"(anonymous_2)","decl":{"start":{"line":17,"column":28},"end":{"line":17,"column":33}},"loc":{"start":{"line":17,"column":39},"end":{"line":28,"column":9}}},"3":{"name":"(anonymous_3)","decl":{"start":{"line":95,"column":47},"end":{"line":95,"column":48}},"loc":{"start":{"line":96,"column":40},"end":{"line":96,"column":60}}}},"branchMap":{"0":{"loc":{"start":{"line":20,"column":16},"end":{"line":20,"column":35}},"type":"if","locations":[{"start":{"line":20,"column":16},"end":{"line":20,"column":35}},{"start":{},"end":{}}]},"1":{"loc":{"start":{"line":32,"column":4},"end":{"line":38,"column":5}},"type":"if","locations":[{"start":{"line":32,"column":4},"end":{"line":38,"column":5}},{"start":{},"end":{}}]},"2":{"loc":{"start":{"line":69,"column":21},"end":{"line":72,"column":null}},"type":"binary-expr","locations":[{"start":{"line":69,"column":21},"end":{"line":69,"column":26}},{"start":{"line":70,"column":24},"end":{"line":71,"column":null}}]},"3":{"loc":{"start":{"line":88,"column":33},"end":{"line":142,"column":null}},"type":"cond-expr","locations":[{"start":{"line":89,"column":36},"end":{"line":92,"column":null}},{"start":{"line":95,"column":36},"end":{"line":142,"column":38}}]},"4":{"loc":{"start":{"line":100,"column":93},"end":{"line":100,"column":133}},"type":"binary-expr","locations":[{"start":{"line":100,"column":93},"end":{"line":100,"column":115}},{"start":{"line":100,"column":119},"end":{"line":100,"column":133}}]},"5":{"loc":{"start":{"line":105,"column":52},"end":{"line":105,"column":111}},"type":"binary-expr","locations":[{"start":{"line":105,"column":52},"end":{"line":105,"column":80}},{"start":{"line":105,"column":84},"end":{"line":105,"column":111}}]},"6":{"loc":{"start":{"line":106,"column":52},"end":{"line":106,"column":116}},"type":"binary-expr","locations":[{"start":{"line":106,"column":52},"end":{"line":106,"column":81}},{"start":{"line":106,"column":85},"end":{"line":106,"column":116}}]},"7":{"loc":{"start":{"line":107,"column":52},"end":{"line":107,"column":111}},"type":"binary-expr","locations":[{"start":{"line":107,"column":52},"end":{"line":107,"column":78}},{"start":{"line":107,"column":82},"end":{"line":107,"column":111}}]},"8":{"loc":{"start":{"line":108,"column":52},"end":{"line":108,"column":145}},"type":"binary-expr","locations":[{"start":{"line":108,"column":52},"end":{"line":108,"column":114}},{"start":{"line":108,"column":118},"end":{"line":108,"column":145}}]},"9":{"loc":{"start":{"line":116,"column":52},"end":{"line":116,"column":107}},"type":"binary-expr","locations":[{"start":{"line":116,"column":52},"end":{"line":116,"column":78}},{"start":{"line":116,"column":82},"end":{"line":116,"column":107}}]},"10":{"loc":{"start":{"line":117,"column":52},"end":{"line":117,"column":114}},"type":"binary-expr","locations":[{"start":{"line":117,"column":52},"end":{"line":117,"column":79}},{"start":{"line":117,"column":83},"end":{"line":117,"column":114}}]},"11":{"loc":{"start":{"line":118,"column":52},"end":{"line":118,"column":109}},"type":"binary-expr","locations":[{"start":{"line":118,"column":52},"end":{"line":118,"column":78}},{"start":{"line":118,"column":82},"end":{"line":118,"column":109}}]},"12":{"loc":{"start":{"line":125,"column":49},"end":{"line":125,"column":132}},"type":"cond-expr","locations":[{"start":{"line":125,"column":65},"end":{"line":125,"column":116}},{"start":{"line":125,"column":119},"end":{"line":125,"column":132}}]}},"s":{"0":1,"1":1,"2":1,"3":1,"4":1,"5":1,"6":1,"7":1,"8":1,"9":1,"10":0,"11":0,"12":0,"13":0,"14":0,"15":0,"16":0,"17":0,"18":0,"19":0,"20":0,"21":0,"22":0,"23":0,"24":0,"25":0,"26":0,"27":0,"28":1},"f":{"0":0,"1":0,"2":0,"3":0},"b":{"0":[0,0],"1":[0,0],"2":[0,0],"3":[0,0],"4":[0,0],"5":[0,0],"6":[0,0],"7":[0,0],"8":[0,0],"9":[0,0],"10":[0,0],"11":[0,0],"12":[0,0]}}
,"C:\\Users\\Admin\\Desktop\\Uni\\Programación Avanzada\\Proyecto 3\\2025_proyecto3_front_ClaimFlow\\src\\pages\\claims\\CreateClaim.tsx": {"path":"C:\\Users\\Admin\\Desktop\\Uni\\Programación Avanzada\\Proyecto 3\\2025_proyecto3_front_ClaimFlow\\src\\pages\\claims\\CreateClaim.tsx","statementMap":{"0":{"start":{"line":1,"column":0},"end":{"line":1,"column":51}},"1":{"start":{"line":2,"column":0},"end":{"line":2,"column":58}},"2":{"start":{"line":3,"column":0},"end":{"line":3,"column":59}},"3":{"start":{"line":4,"column":0},"end":{"line":4,"column":52}},"4":{"start":{"line":5,"column":0},"end":{"line":5,"column":50}},"5":{"start":{"line":6,"column":0},"end":{"line":6,"column":84}},"6":{"start":{"line":7,"column":0},"end":{"line":7,"column":87}},"7":{"start":{"line":8,"column":0},"end":{"line":8,"column":62}},"8":{"start":{"line":9,"column":0},"end":{"line":9,"column":60}},"9":{"start":{"line":10,"column":0},"end":{"line":10,"column":32}},"10":{"start":{"line":12,"column":27},"end":{"line":347,"column":1}},"11":{"start":{"line":13,"column":21},"end":{"line":13,"column":34}},"12":{"start":{"line":14,"column":19},"end":{"line":14,"column":30}},"13":{"start":{"line":15,"column":23},"end":{"line":15,"column":27}},"14":{"start":{"line":17,"column":38},"end":{"line":17,"column":53}},"15":{"start":{"line":18,"column":40},"end":{"line":18,"column":54}},"16":{"start":{"line":19,"column":30},"end":{"line":19,"column":59}},"17":{"start":{"line":20,"column":42},"end":{"line":20,"column":61}},"18":{"start":{"line":21,"column":52},"end":{"line":21,"column":71}},"19":{"start":{"line":22,"column":34},"end":{"line":22,"column":53}},"20":{"start":{"line":24,"column":36},"end":{"line":33,"column":6}},"21":{"start":{"line":35,"column":4},"end":{"line":88,"column":25}},"22":{"start":{"line":36,"column":25},"end":{"line":86,"column":9}},"23":{"start":{"line":37,"column":12},"end":{"line":85,"column":13}},"24":{"start":{"line":38,"column":30},"end":{"line":38,"column":57}},"25":{"start":{"line":39,"column":16},"end":{"line":39,"column":35}},"26":{"start":{"line":39,"column":28},"end":{"line":39,"column":35}},"27":{"start":{"line":41,"column":52},"end":{"line":44,"column":18}},"28":{"start":{"line":46,"column":16},"end":{"line":46,"column":45}},"29":{"start":{"line":47,"column":16},"end":{"line":47,"column":50}},"30":{"start":{"line":48,"column":16},"end":{"line":48,"column":40}},"31":{"start":{"line":50,"column":16},"end":{"line":78,"column":17}},"32":{"start":{"line":51,"column":34},"end":{"line":51,"column":63}},"33":{"start":{"line":52,"column":38},"end":{"line":52,"column":75}},"34":{"start":{"line":53,"column":37},"end":{"line":53,"column":72}},"35":{"start":{"line":55,"column":20},"end":{"line":64,"column":23}},"36":{"start":{"line":66,"column":20},"end":{"line":71,"column":21}},"37":{"start":{"line":67,"column":47},"end":{"line":68,"column":null}},"38":{"start":{"line":68,"column":29},"end":{"line":68,"column":102}},"39":{"start":{"line":70,"column":24},"end":{"line":70,"column":60}},"40":{"start":{"line":81,"column":16},"end":{"line":81,"column":57}},"41":{"start":{"line":82,"column":16},"end":{"line":82,"column":66}},"42":{"start":{"line":84,"column":16},"end":{"line":84,"column":37}},"43":{"start":{"line":87,"column":8},"end":{"line":87,"column":19}},"44":{"start":{"line":91,"column":31},"end":{"line":116,"column":5}},"45":{"start":{"line":92,"column":33},"end":{"line":92,"column":47}},"46":{"start":{"line":93,"column":33},"end":{"line":93,"column":49}},"47":{"start":{"line":96,"column":8},"end":{"line":96,"column":70}},"48":{"start":{"line":96,"column":29},"end":{"line":96,"column":67}},"49":{"start":{"line":99,"column":8},"end":{"line":115,"column":9}},"50":{"start":{"line":100,"column":35},"end":{"line":101,"column":null}},"51":{"start":{"line":101,"column":16},"end":{"line":101,"column":105}},"52":{"start":{"line":103,"column":12},"end":{"line":103,"column":48}},"53":{"start":{"line":106,"column":42},"end":{"line":106,"column":95}},"54":{"start":{"line":106,"column":67},"end":{"line":106,"column":94}},"55":{"start":{"line":107,"column":12},"end":{"line":109,"column":13}},"56":{"start":{"line":108,"column":16},"end":{"line":108,"column":92}},"57":{"start":{"line":108,"column":37},"end":{"line":108,"column":89}},"58":{"start":{"line":114,"column":12},"end":{"line":114,"column":45}},"59":{"start":{"line":119,"column":32},"end":{"line":140,"column":5}},"60":{"start":{"line":120,"column":34},"end":{"line":120,"column":48}},"61":{"start":{"line":121,"column":8},"end":{"line":121,"column":72}},"62":{"start":{"line":121,"column":29},"end":{"line":121,"column":69}},"63":{"start":{"line":123,"column":8},"end":{"line":139,"column":9}},"64":{"start":{"line":124,"column":28},"end":{"line":124,"column":78}},"65":{"start":{"line":124,"column":50},"end":{"line":124,"column":77}},"66":{"start":{"line":125,"column":12},"end":{"line":138,"column":13}},"67":{"start":{"line":126,"column":33},"end":{"line":126,"column":114}},"68":{"start":{"line":129,"column":16},"end":{"line":137,"column":17}},"69":{"start":{"line":130,"column":20},"end":{"line":130,"column":103}},"70":{"start":{"line":130,"column":41},"end":{"line":130,"column":100}},"71":{"start":{"line":133,"column":43},"end":{"line":134,"column":null}},"72":{"start":{"line":134,"column":24},"end":{"line":134,"column":97}},"73":{"start":{"line":136,"column":20},"end":{"line":136,"column":56}},"74":{"start":{"line":142,"column":25},"end":{"line":145,"column":5}},"75":{"start":{"line":143,"column":32},"end":{"line":143,"column":40}},"76":{"start":{"line":144,"column":8},"end":{"line":144,"column":58}},"77":{"start":{"line":144,"column":29},"end":{"line":144,"column":55}},"78":{"start":{"line":147,"column":29},"end":{"line":151,"column":5}},"79":{"start":{"line":148,"column":8},"end":{"line":150,"column":9}},"80":{"start":{"line":149,"column":12},"end":{"line":149,"column":73}},"81":{"start":{"line":149,"column":33},"end":{"line":149,"column":70}},"82":{"start":{"line":153,"column":25},"end":{"line":187,"column":5}},"83":{"start":{"line":154,"column":8},"end":{"line":154,"column":27}},"84":{"start":{"line":155,"column":8},"end":{"line":155,"column":27}},"85":{"start":{"line":156,"column":8},"end":{"line":156,"column":23}},"86":{"start":{"line":158,"column":8},"end":{"line":186,"column":9}},"87":{"start":{"line":159,"column":26},"end":{"line":159,"column":53}},"88":{"start":{"line":160,"column":12},"end":{"line":160,"column":64}},"89":{"start":{"line":160,"column":24},"end":{"line":160,"column":64}},"90":{"start":{"line":162,"column":25},"end":{"line":162,"column":39}},"91":{"start":{"line":163,"column":12},"end":{"line":163,"column":47}},"92":{"start":{"line":164,"column":12},"end":{"line":164,"column":57}},"93":{"start":{"line":165,"column":12},"end":{"line":165,"column":59}},"94":{"start":{"line":166,"column":12},"end":{"line":166,"column":61}},"95":{"start":{"line":167,"column":12},"end":{"line":167,"column":47}},"96":{"start":{"line":168,"column":12},"end":{"line":168,"column":55}},"97":{"start":{"line":169,"column":12},"end":{"line":169,"column":53}},"98":{"start":{"line":171,"column":12},"end":{"line":173,"column":13}},"99":{"start":{"line":172,"column":16},"end":{"line":172,"column":51}},"100":{"start":{"line":175,"column":12},"end":{"line":179,"column":13}},"101":{"start":{"line":176,"column":16},"end":{"line":176,"column":51}},"102":{"start":{"line":178,"column":16},"end":{"line":178,"column":47}},"103":{"start":{"line":181,"column":12},"end":{"line":181,"column":32}},"104":{"start":{"line":183,"column":12},"end":{"line":183,"column":34}},"105":{"start":{"line":185,"column":12},"end":{"line":185,"column":32}},"106":{"start":{"line":189,"column":4},"end":{"line":195,"column":5}},"107":{"start":{"line":190,"column":8},"end":{"line":194,"column":10}},"108":{"start":{"line":197,"column":4},"end":{"line":346,"column":6}},"109":{"start":{"line":226,"column":40},"end":{"line":226,"column":65}},"110":{"start":{"line":243,"column":40},"end":{"line":243,"column":66}},"111":{"start":{"line":333,"column":83},"end":{"line":333,"column":102}},"112":{"start":{"line":12,"column":13},"end":{"line":12,"column":27}}},"fnMap":{"0":{"name":"(anonymous_0)","decl":{"start":{"line":12,"column":27},"end":{"line":12,"column":30}},"loc":{"start":{"line":12,"column":32},"end":{"line":347,"column":1}}},"1":{"name":"(anonymous_1)","decl":{"start":{"line":35,"column":14},"end":{"line":35,"column":17}},"loc":{"start":{"line":35,"column":19},"end":{"line":88,"column":5}}},"2":{"name":"(anonymous_2)","decl":{"start":{"line":36,"column":25},"end":{"line":36,"column":30}},"loc":{"start":{"line":36,"column":36},"end":{"line":86,"column":9}}},"3":{"name":"(anonymous_3)","decl":{"start":{"line":67,"column":67},"end":{"line":67,"column":68}},"loc":{"start":{"line":68,"column":29},"end":{"line":68,"column":102}}},"4":{"name":"(anonymous_4)","decl":{"start":{"line":91,"column":31},"end":{"line":91,"column":32}},"loc":{"start":{"line":91,"column":75},"end":{"line":116,"column":5}}},"5":{"name":"(anonymous_5)","decl":{"start":{"line":96,"column":20},"end":{"line":96,"column":24}},"loc":{"start":{"line":96,"column":29},"end":{"line":96,"column":67}}},"6":{"name":"(anonymous_6)","decl":{"start":{"line":100,"column":54},"end":{"line":100,"column":55}},"loc":{"start":{"line":101,"column":16},"end":{"line":101,"column":105}}},"7":{"name":"(anonymous_7)","decl":{"start":{"line":106,"column":62},"end":{"line":106,"column":63}},"loc":{"start":{"line":106,"column":67},"end":{"line":106,"column":94}}},"8":{"name":"(anonymous_8)","decl":{"start":{"line":108,"column":28},"end":{"line":108,"column":32}},"loc":{"start":{"line":108,"column":37},"end":{"line":108,"column":89}}},"9":{"name":"(anonymous_9)","decl":{"start":{"line":119,"column":32},"end":{"line":119,"column":33}},"loc":{"start":{"line":119,"column":76},"end":{"line":140,"column":5}}},"10":{"name":"(anonymous_10)","decl":{"start":{"line":121,"column":20},"end":{"line":121,"column":24}},"loc":{"start":{"line":121,"column":29},"end":{"line":121,"column":69}}},"11":{"name":"(anonymous_11)","decl":{"start":{"line":124,"column":45},"end":{"line":124,"column":46}},"loc":{"start":{"line":124,"column":50},"end":{"line":124,"column":77}}},"12":{"name":"(anonymous_12)","decl":{"start":{"line":130,"column":32},"end":{"line":130,"column":36}},"loc":{"start":{"line":130,"column":41},"end":{"line":130,"column":100}}},"13":{"name":"(anonymous_13)","decl":{"start":{"line":133,"column":62},"end":{"line":133,"column":63}},"loc":{"start":{"line":134,"column":24},"end":{"line":134,"column":97}}},"14":{"name":"(anonymous_14)","decl":{"start":{"line":142,"column":25},"end":{"line":142,"column":26}},"loc":{"start":{"line":142,"column":110},"end":{"line":145,"column":5}}},"15":{"name":"(anonymous_15)","decl":{"start":{"line":144,"column":20},"end":{"line":144,"column":24}},"loc":{"start":{"line":144,"column":29},"end":{"line":144,"column":55}}},"16":{"name":"(anonymous_16)","decl":{"start":{"line":147,"column":29},"end":{"line":147,"column":30}},"loc":{"start":{"line":147,"column":72},"end":{"line":151,"column":5}}},"17":{"name":"(anonymous_17)","decl":{"start":{"line":149,"column":24},"end":{"line":149,"column":28}},"loc":{"start":{"line":149,"column":33},"end":{"line":149,"column":70}}},"18":{"name":"(anonymous_18)","decl":{"start":{"line":153,"column":25},"end":{"line":153,"column":30}},"loc":{"start":{"line":153,"column":54},"end":{"line":187,"column":5}}},"19":{"name":"(anonymous_19)","decl":{"start":{"line":225,"column":49},"end":{"line":225,"column":55}},"loc":{"start":{"line":226,"column":40},"end":{"line":226,"column":65}}},"20":{"name":"(anonymous_20)","decl":{"start":{"line":242,"column":58},"end":{"line":242,"column":65}},"loc":{"start":{"line":243,"column":40},"end":{"line":243,"column":66}}},"21":{"name":"(anonymous_21)","decl":{"start":{"line":333,"column":77},"end":{"line":333,"column":80}},"loc":{"start":{"line":333,"column":83},"end":{"line":333,"column":102}}}},"branchMap":{"0":{"loc":{"start":{"line":39,"column":16},"end":{"line":39,"column":35}},"type":"if","locations":[{"start":{"line":39,"column":16},"end":{"line":39,"column":35}},{"start":{},"end":{}}]},"1":{"loc":{"start":{"line":50,"column":16},"end":{"line":78,"column":17}},"type":"if","locations":[{"start":{"line":50,"column":16},"end":{"line":78,"column":17}},{"start":{"line":73,"column":23},"end":{"line":78,"column":17}}]},"2":{"loc":{"start":{"line":52,"column":38},"end":{"line":52,"column":75}},"type":"binary-expr","locations":[{"start":{"line":52,"column":38},"end":{"line":52,"column":57}},{"start":{"line":52,"column":61},"end":{"line":52,"column":75}}]},"3":{"loc":{"start":{"line":53,"column":37},"end":{"line":53,"column":72}},"type":"binary-expr","locations":[{"start":{"line":53,"column":37},"end":{"line":53,"column":55}},{"start":{"line":53,"column":59},"end":{"line":53,"column":72}}]},"4":{"loc":{"start":{"line":66,"column":20},"end":{"line":71,"column":21}},"type":"if","locations":[{"start":{"line":66,"column":20},"end":{"line":71,"column":21}},{"start":{},"end":{}}]},"5":{"loc":{"start":{"line":68,"column":29},"end":{"line":68,"column":102}},"type":"binary-expr","locations":[{"start":{"line":68,"column":29},"end":{"line":68,"column":40}},{"start":{"line":68,"column":45},"end":{"line":68,"column":69}},{"start":{"line":68,"column":73},"end":{"line":68,"column":101}}]},"6":{"loc":{"start":{"line":99,"column":8},"end":{"line":115,"column":9}},"type":"if","locations":[{"start":{"line":99,"column":8},"end":{"line":115,"column":9}},{"start":{"line":110,"column":15},"end":{"line":115,"column":9}}]},"7":{"loc":{"start":{"line":101,"column":16},"end":{"line":101,"column":105}},"type":"binary-expr","locations":[{"start":{"line":101,"column":16},"end":{"line":101,"column":27}},{"start":{"line":101,"column":32},"end":{"line":101,"column":64}},{"start":{"line":101,"column":68},"end":{"line":101,"column":104}}]},"8":{"loc":{"start":{"line":107,"column":12},"end":{"line":109,"column":13}},"type":"if","locations":[{"start":{"line":107,"column":12},"end":{"line":109,"column":13}},{"start":{},"end":{}}]},"9":{"loc":{"start":{"line":123,"column":8},"end":{"line":139,"column":9}},"type":"if","locations":[{"start":{"line":123,"column":8},"end":{"line":139,"column":9}},{"start":{},"end":{}}]},"10":{"loc":{"start":{"line":125,"column":12},"end":{"line":138,"column":13}},"type":"if","locations":[{"start":{"line":125,"column":12},"end":{"line":138,"column":13}},{"start":{},"end":{}}]},"11":{"loc":{"start":{"line":125,"column":16},"end":{"line":125,"column":44}},"type":"binary-expr","locations":[{"start":{"line":125,"column":16},"end":{"line":125,"column":23}},{"start":{"line":125,"column":27},"end":{"line":125,"column":44}}]},"12":{"loc":{"start":{"line":126,"column":33},"end":{"line":126,"column":114}},"type":"cond-expr","locations":[{"start":{"line":126,"column":73},"end":{"line":126,"column":94}},{"start":{"line":126,"column":97},"end":{"line":126,"column":114}}]},"13":{"loc":{"start":{"line":129,"column":16},"end":{"line":137,"column":17}},"type":"if","locations":[{"start":{"line":129,"column":16},"end":{"line":137,"column":17}},{"start":{},"end":{}}]},"14":{"loc":{"start":{"line":134,"column":24},"end":{"line":134,"column":97}},"type":"binary-expr","locations":[{"start":{"line":134,"column":24},"end":{"line":134,"column":35}},{"start":{"line":134,"column":40},"end":{"line":134,"column":64}},{"start":{"line":134,"column":68},"end":{"line":134,"column":96}}]},"15":{"loc":{"start":{"line":148,"column":8},"end":{"line":150,"column":9}},"type":"if","locations":[{"start":{"line":148,"column":8},"end":{"line":150,"column":9}},{"start":{},"end":{}}]},"16":{"loc":{"start":{"line":148,"column":12},"end":{"line":148,"column":47}},"type":"binary-expr","locations":[{"start":{"line":148,"column":12},"end":{"line":148,"column":26}},{"start":{"line":148,"column":30},"end":{"line":148,"column":47}}]},"17":{"loc":{"start":{"line":160,"column":12},"end":{"line":160,"column":64}},"type":"if","locations":[{"start":{"line":160,"column":12},"end":{"line":160,"column":64}},{"start":{},"end":{}}]},"18":{"loc":{"start":{"line":171,"column":12},"end":{"line":173,"column":13}},"type":"if","locations":[{"start":{"line":171,"column":12},"end":{"line":173,"column":13}},{"start":{},"end":{}}]},"19":{"loc":{"start":{"line":175,"column":12},"end":{"line":179,"column":13}},"type":"if","locations":[{"start":{"line":175,"column":12},"end":{"line":179,"column":13}},{"start":{"line":177,"column":19},"end":{"line":179,"column":13}}]},"20":{"loc":{"start":{"line":189,"column":4},"end":{"line":195,"column":5}},"type":"if","locations":[{"start":{"line":189,"column":4},"end":{"line":195,"column":5}},{"start":{},"end":{}}]},"21":{"loc":{"start":{"line":200,"column":71},"end":{"line":200,"column":118}},"type":"cond-expr","locations":[{"start":{"line":200,"column":84},"end":{"line":200,"column":100}},{"start":{"line":200,"column":103},"end":{"line":200,"column":118}}]},"22":{"loc":{"start":{"line":209,"column":25},"end":{"line":212,"column":null}},"type":"binary-expr","locations":[{"start":{"line":209,"column":25},"end":{"line":209,"column":30}},{"start":{"line":210,"column":28},"end":{"line":211,"column":null}}]},"23":{"loc":{"start":{"line":325,"column":29},"end":{"line":328,"column":null}},"type":"binary-expr","locations":[{"start":{"line":325,"column":29},"end":{"line":325,"column":39}},{"start":{"line":326,"column":32},"end":{"line":326,"column":null}}]},"24":{"loc":{"start":{"line":338,"column":33},"end":{"line":338,"column":130}},"type":"cond-expr","locations":[{"start":{"line":338,"column":45},"end":{"line":338,"column":94}},{"start":{"line":338,"column":97},"end":{"line":338,"column":130}}]},"25":{"loc":{"start":{"line":339,"column":33},"end":{"line":339,"column":86}},"type":"cond-expr","locations":[{"start":{"line":339,"column":46},"end":{"line":339,"column":66}},{"start":{"line":339,"column":69},"end":{"line":339,"column":86}}]}},"s":{"0":1,"1":1,"2":1,"3":1,"4":1,"5":1,"6":1,"7":1,"8":1,"9":1,"10":1,"11":0,"12":0,"13":0,"14":0,"15":0,"16":0,"17":0,"18":0,"19":0,"20":0,"21":0,"22":0,"23":0,"24":0,"25":0,"26":0,"27":0,"28":0,"29":0,"30":0,"31":0,"32":0,"33":0,"34":0,"35":0,"36":0,"37":0,"38":0,"39":0,"40":0,"41":0,"42":0,"43":0,"44":0,"45":0,"46":0,"47":0,"48":0,"49":0,"50":0,"51":0,"52":0,"53":0,"54":0,"55":0,"56":0,"57":0,"58":0,"59":0,"60":0,"61":0,"62":0,"63":0,"64":0,"65":0,"66":0,"67":0,"68":0,"69":0,"70":0,"71":0,"72":0,"73":0,"74":0,"75":0,"76":0,"77":0,"78":0,"79":0,"80":0,"81":0,"82":0,"83":0,"84":0,"85":0,"86":0,"87":0,"88":0,"89":0,"90":0,"91":0,"92":0,"93":0,"94":0,"95":0,"96":0,"97":0,"98":0,"99":0,"100":0,"101":0,"102":0,"103":0,"104":0,"105":0,"106":0,"107":0,"108":0,"109":0,"110":0,"111":0,"112":1},"f":{"0":0,"1":0,"2":0,"3":0,"4":0,"5":0,"6":0,"7":0,"8":0,"9":0,"10":0,"11":0,"12":0,"13":0,"14":0,"15":0,"16":0,"17":0,"18":0,"19":0,"20":0,"21":0},"b":{"0":[0,0],"1":[0,0],"2":[0,0],"3":[0,0],"4":[0,0],"5":[0,0,0],"6":[0,0],"7":[0,0,0],"8":[0,0],"9":[0,0],"10":[0,0],"11":[0,0],"12":[0,0],"13":[0,0],"14":[0,0,0],"15":[0,0],"16":[0,0],"17":[0,0],"18":[0,0],"19":[0,0],"20":[0,0],"21":[0,0],"22":[0,0],"23":[0,0],"24":[0,0],"25":[0,0]}}
,"C:\\Users\\Admin\\Desktop\\Uni\\Programación Avanzada\\Proyecto 3\\2025_proyecto3_front_ClaimFlow\\src\\pages\\clients\\ClientsList.tsx": {"path":"C:\\Users\\Admin\\Desktop\\Uni\\Programación Avanzada\\Proyecto 3\\2025_proyecto3_front_ClaimFlow\\src\\pages\\clients\\ClientsList.tsx","statementMap":{"0":{"start":{"line":1,"column":0},"end":{"line":1,"column":51}},"1":{"start":{"line":2,"column":0},"end":{"line":2,"column":86}},"2":{"start":{"line":3,"column":0},"end":{"line":3,"column":52}},"3":{"start":{"line":5,"column":0},"end":{"line":5,"column":73}},"4":{"start":{"line":6,"column":0},"end":{"line":6,"column":47}},"5":{"start":{"line":7,"column":0},"end":{"line":7,"column":32}},"6":{"start":{"line":9,"column":0},"end":{"line":9,"column":74}},"7":{"start":{"line":11,"column":27},"end":{"line":153,"column":1}},"8":{"start":{"line":12,"column":21},"end":{"line":12,"column":34}},"9":{"start":{"line":13,"column":34},"end":{"line":13,"column":56}},"10":{"start":{"line":14,"column":38},"end":{"line":14,"column":52}},"11":{"start":{"line":15,"column":30},"end":{"line":15,"column":59}},"12":{"start":{"line":17,"column":25},"end":{"line":28,"column":5}},"13":{"start":{"line":18,"column":8},"end":{"line":27,"column":9}},"14":{"start":{"line":19,"column":12},"end":{"line":26,"column":13}},"15":{"start":{"line":20,"column":30},"end":{"line":20,"column":57}},"16":{"start":{"line":21,"column":16},"end":{"line":21,"column":35}},"17":{"start":{"line":21,"column":28},"end":{"line":21,"column":35}},"18":{"start":{"line":22,"column":16},"end":{"line":22,"column":46}},"19":{"start":{"line":23,"column":16},"end":{"line":23,"column":71}},"20":{"start":{"line":23,"column":52},"end":{"line":23,"column":68}},"21":{"start":{"line":25,"column":16},"end":{"line":25,"column":38}},"22":{"start":{"line":30,"column":4},"end":{"line":57,"column":11}},"23":{"start":{"line":31,"column":29},"end":{"line":54,"column":9}},"24":{"start":{"line":32,"column":12},"end":{"line":53,"column":13}},"25":{"start":{"line":33,"column":30},"end":{"line":33,"column":57}},"26":{"start":{"line":34,"column":16},"end":{"line":34,"column":35}},"27":{"start":{"line":34,"column":28},"end":{"line":34,"column":35}},"28":{"start":{"line":35,"column":29},"end":{"line":35,"column":52}},"29":{"start":{"line":38,"column":48},"end":{"line":46,"column":19}},"30":{"start":{"line":38,"column":73},"end":{"line":46,"column":18}},"31":{"start":{"line":48,"column":16},"end":{"line":48,"column":42}},"32":{"start":{"line":50,"column":16},"end":{"line":50,"column":38}},"33":{"start":{"line":52,"column":16},"end":{"line":52,"column":36}},"34":{"start":{"line":56,"column":8},"end":{"line":56,"column":23}},"35":{"start":{"line":59,"column":4},"end":{"line":65,"column":5}},"36":{"start":{"line":60,"column":8},"end":{"line":64,"column":10}},"37":{"start":{"line":67,"column":4},"end":{"line":73,"column":5}},"38":{"start":{"line":68,"column":8},"end":{"line":72,"column":10}},"39":{"start":{"line":75,"column":4},"end":{"line":152,"column":6}},"40":{"start":{"line":82,"column":39},"end":{"line":82,"column":63}},"41":{"start":{"line":90,"column":20},"end":{"line":90,"column":42}},"42":{"start":{"line":105,"column":47},"end":{"line":105,"column":70}},"43":{"start":{"line":123,"column":44},"end":{"line":123,"column":66}},"44":{"start":{"line":139,"column":51},"end":{"line":139,"column":89}},"45":{"start":{"line":11,"column":13},"end":{"line":11,"column":27}}},"fnMap":{"0":{"name":"(anonymous_0)","decl":{"start":{"line":11,"column":27},"end":{"line":11,"column":30}},"loc":{"start":{"line":11,"column":32},"end":{"line":153,"column":1}}},"1":{"name":"(anonymous_1)","decl":{"start":{"line":17,"column":25},"end":{"line":17,"column":30}},"loc":{"start":{"line":17,"column":46},"end":{"line":28,"column":5}}},"2":{"name":"(anonymous_2)","decl":{"start":{"line":23,"column":42},"end":{"line":23,"column":48}},"loc":{"start":{"line":23,"column":52},"end":{"line":23,"column":68}}},"3":{"name":"(anonymous_3)","decl":{"start":{"line":30,"column":14},"end":{"line":30,"column":17}},"loc":{"start":{"line":30,"column":19},"end":{"line":57,"column":5}}},"4":{"name":"(anonymous_4)","decl":{"start":{"line":31,"column":29},"end":{"line":31,"column":34}},"loc":{"start":{"line":31,"column":40},"end":{"line":54,"column":9}}},"5":{"name":"(anonymous_5)","decl":{"start":{"line":38,"column":57},"end":{"line":38,"column":58}},"loc":{"start":{"line":38,"column":73},"end":{"line":46,"column":18}}},"6":{"name":"(anonymous_6)","decl":{"start":{"line":82,"column":33},"end":{"line":82,"column":36}},"loc":{"start":{"line":82,"column":39},"end":{"line":82,"column":63}}},"7":{"name":"(anonymous_7)","decl":{"start":{"line":89,"column":29},"end":{"line":89,"column":30}},"loc":{"start":{"line":90,"column":20},"end":{"line":90,"column":42}}},"8":{"name":"(anonymous_8)","decl":{"start":{"line":105,"column":41},"end":{"line":105,"column":44}},"loc":{"start":{"line":105,"column":47},"end":{"line":105,"column":70}}},"9":{"name":"(anonymous_9)","decl":{"start":{"line":122,"column":61},"end":{"line":122,"column":62}},"loc":{"start":{"line":123,"column":44},"end":{"line":123,"column":66}}},"10":{"name":"(anonymous_10)","decl":{"start":{"line":139,"column":45},"end":{"line":139,"column":48}},"loc":{"start":{"line":139,"column":51},"end":{"line":139,"column":89}}}},"branchMap":{"0":{"loc":{"start":{"line":18,"column":8},"end":{"line":27,"column":9}},"type":"if","locations":[{"start":{"line":18,"column":8},"end":{"line":27,"column":9}},{"start":{},"end":{}}]},"1":{"loc":{"start":{"line":21,"column":16},"end":{"line":21,"column":35}},"type":"if","locations":[{"start":{"line":21,"column":16},"end":{"line":21,"column":35}},{"start":{},"end":{}}]},"2":{"loc":{"start":{"line":34,"column":16},"end":{"line":34,"column":35}},"type":"if","locations":[{"start":{"line":34,"column":16},"end":{"line":34,"column":35}},{"start":{},"end":{}}]},"3":{"loc":{"start":{"line":45,"column":30},"end":{"line":45,"column":50}},"type":"binary-expr","locations":[{"start":{"line":45,"column":30},"end":{"line":45,"column":44}},{"start":{"line":45,"column":48},"end":{"line":45,"column":50}}]},"4":{"loc":{"start":{"line":59,"column":4},"end":{"line":65,"column":5}},"type":"if","locations":[{"start":{"line":59,"column":4},"end":{"line":65,"column":5}},{"start":{},"end":{}}]},"5":{"loc":{"start":{"line":67,"column":4},"end":{"line":73,"column":5}},"type":"if","locations":[{"start":{"line":67,"column":4},"end":{"line":73,"column":5}},{"start":{},"end":{}}]},"6":{"loc":{"start":{"line":113,"column":33},"end":{"line":117,"column":null}},"type":"binary-expr","locations":[{"start":{"line":113,"column":33},"end":{"line":113,"column":45}},{"start":{"line":114,"column":36},"end":{"line":116,"column":null}}]},"7":{"loc":{"start":{"line":128,"column":41},"end":{"line":129,"column":null}},"type":"binary-expr","locations":[{"start":{"line":128,"column":41},"end":{"line":128,"column":69}},{"start":{"line":129,"column":44},"end":{"line":129,"column":110}}]}},"s":{"0":1,"1":1,"2":1,"3":1,"4":1,"5":1,"6":1,"7":1,"8":0,"9":0,"10":0,"11":0,"12":0,"13":0,"14":0,"15":0,"16":0,"17":0,"18":0,"19":0,"20":0,"21":0,"22":0,"23":0,"24":0,"25":0,"26":0,"27":0,"28":0,"29":0,"30":0,"31":0,"32":0,"33":0,"34":0,"35":0,"36":0,"37":0,"38":0,"39":0,"40":0,"41":0,"42":0,"43":0,"44":0,"45":1},"f":{"0":0,"1":0,"2":0,"3":0,"4":0,"5":0,"6":0,"7":0,"8":0,"9":0,"10":0},"b":{"0":[0,0],"1":[0,0],"2":[0,0],"3":[0,0],"4":[0,0],"5":[0,0],"6":[0,0],"7":[0,0]}}
,"C:\\Users\\Admin\\Desktop\\Uni\\Programación Avanzada\\Proyecto 3\\2025_proyecto3_front_ClaimFlow\\src\\pages\\clients\\CreateClient.tsx": {"path":"C:\\Users\\Admin\\Desktop\\Uni\\Programación Avanzada\\Proyecto 3\\2025_proyecto3_front_ClaimFlow\\src\\pages\\clients\\CreateClient.tsx","statementMap":{"0":{"start":{"line":1,"column":0},"end":{"line":1,"column":40}},"1":{"start":{"line":2,"column":0},"end":{"line":2,"column":47}},"2":{"start":{"line":3,"column":0},"end":{"line":3,"column":56}},"3":{"start":{"line":4,"column":0},"end":{"line":4,"column":52}},"4":{"start":{"line":5,"column":0},"end":{"line":5,"column":50}},"5":{"start":{"line":6,"column":0},"end":{"line":6,"column":84}},"6":{"start":{"line":7,"column":0},"end":{"line":7,"column":32}},"7":{"start":{"line":9,"column":28},"end":{"line":159,"column":1}},"8":{"start":{"line":10,"column":21},"end":{"line":10,"column":34}},"9":{"start":{"line":11,"column":38},"end":{"line":11,"column":53}},"10":{"start":{"line":12,"column":30},"end":{"line":12,"column":59}},"11":{"start":{"line":13,"column":36},"end":{"line":19,"column":6}},"12":{"start":{"line":21,"column":25},"end":{"line":27,"column":5}},"13":{"start":{"line":22,"column":30},"end":{"line":22,"column":38}},"14":{"start":{"line":23,"column":8},"end":{"line":26,"column":12}},"15":{"start":{"line":23,"column":29},"end":{"line":26,"column":10}},"16":{"start":{"line":29,"column":25},"end":{"line":56,"column":5}},"17":{"start":{"line":30,"column":8},"end":{"line":30,"column":27}},"18":{"start":{"line":31,"column":8},"end":{"line":31,"column":27}},"19":{"start":{"line":32,"column":8},"end":{"line":32,"column":23}},"20":{"start":{"line":34,"column":8},"end":{"line":55,"column":9}},"21":{"start":{"line":35,"column":26},"end":{"line":35,"column":53}},"22":{"start":{"line":36,"column":29},"end":{"line":43,"column":14}},"23":{"start":{"line":45,"column":12},"end":{"line":48,"column":13}},"24":{"start":{"line":46,"column":34},"end":{"line":46,"column":55}},"25":{"start":{"line":47,"column":16},"end":{"line":47,"column":82}},"26":{"start":{"line":50,"column":12},"end":{"line":50,"column":33}},"27":{"start":{"line":52,"column":12},"end":{"line":52,"column":34}},"28":{"start":{"line":54,"column":12},"end":{"line":54,"column":32}},"29":{"start":{"line":58,"column":4},"end":{"line":158,"column":6}},"30":{"start":{"line":61,"column":65},"end":{"line":61,"column":85}},"31":{"start":{"line":137,"column":83},"end":{"line":137,"column":103}},"32":{"start":{"line":9,"column":13},"end":{"line":9,"column":28}}},"fnMap":{"0":{"name":"(anonymous_0)","decl":{"start":{"line":9,"column":28},"end":{"line":9,"column":31}},"loc":{"start":{"line":9,"column":33},"end":{"line":159,"column":1}}},"1":{"name":"(anonymous_1)","decl":{"start":{"line":21,"column":25},"end":{"line":21,"column":26}},"loc":{"start":{"line":21,"column":68},"end":{"line":27,"column":5}}},"2":{"name":"(anonymous_2)","decl":{"start":{"line":23,"column":20},"end":{"line":23,"column":24}},"loc":{"start":{"line":23,"column":29},"end":{"line":26,"column":10}}},"3":{"name":"(anonymous_3)","decl":{"start":{"line":29,"column":25},"end":{"line":29,"column":30}},"loc":{"start":{"line":29,"column":54},"end":{"line":56,"column":5}}},"4":{"name":"(anonymous_4)","decl":{"start":{"line":61,"column":59},"end":{"line":61,"column":62}},"loc":{"start":{"line":61,"column":65},"end":{"line":61,"column":85}}},"5":{"name":"(anonymous_5)","decl":{"start":{"line":137,"column":77},"end":{"line":137,"column":80}},"loc":{"start":{"line":137,"column":83},"end":{"line":137,"column":103}}}},"branchMap":{"0":{"loc":{"start":{"line":45,"column":12},"end":{"line":48,"column":13}},"type":"if","locations":[{"start":{"line":45,"column":12},"end":{"line":48,"column":13}},{"start":{},"end":{}}]},"1":{"loc":{"start":{"line":47,"column":32},"end":{"line":47,"column":80}},"type":"binary-expr","locations":[{"start":{"line":47,"column":32},"end":{"line":47,"column":49}},{"start":{"line":47,"column":53},"end":{"line":47,"column":80}}]},"2":{"loc":{"start":{"line":77,"column":25},"end":{"line":80,"column":null}},"type":"binary-expr","locations":[{"start":{"line":77,"column":25},"end":{"line":77,"column":30}},{"start":{"line":78,"column":28},"end":{"line":79,"column":null}}]},"3":{"loc":{"start":{"line":141,"column":33},"end":{"line":150,"column":null}},"type":"cond-expr","locations":[{"start":{"line":142,"column":36},"end":{"line":143,"column":null}},{"start":{"line":147,"column":36},"end":{"line":148,"column":null}}]}},"s":{"0":1,"1":1,"2":1,"3":1,"4":1,"5":1,"6":1,"7":1,"8":0,"9":0,"10":0,"11":0,"12":0,"13":0,"14":0,"15":0,"16":0,"17":0,"18":0,"19":0,"20":0,"21":0,"22":0,"23":0,"24":0,"25":0,"26":0,"27":0,"28":0,"29":0,"30":0,"31":0,"32":1},"f":{"0":0,"1":0,"2":0,"3":0,"4":0,"5":0},"b":{"0":[0,0],"1":[0,0],"2":[0,0],"3":[0,0]}}
,"C:\\Users\\Admin\\Desktop\\Uni\\Programación Avanzada\\Proyecto 3\\2025_proyecto3_front_ClaimFlow\\src\\pages\\clients\\EditClient.tsx": {"path":"C:\\Users\\Admin\\Desktop\\Uni\\Programación Avanzada\\Proyecto 3\\2025_proyecto3_front_ClaimFlow\\src\\pages\\clients\\EditClient.tsx","statementMap":{"0":{"start":{"line":1,"column":0},"end":{"line":1,"column":51}},"1":{"start":{"line":2,"column":0},"end":{"line":2,"column":58}},"2":{"start":{"line":3,"column":0},"end":{"line":3,"column":56}},"3":{"start":{"line":4,"column":0},"end":{"line":4,"column":52}},"4":{"start":{"line":5,"column":0},"end":{"line":5,"column":50}},"5":{"start":{"line":6,"column":0},"end":{"line":6,"column":84}},"6":{"start":{"line":7,"column":0},"end":{"line":7,"column":32}},"7":{"start":{"line":9,"column":26},"end":{"line":203,"column":1}},"8":{"start":{"line":10,"column":21},"end":{"line":10,"column":34}},"9":{"start":{"line":11,"column":19},"end":{"line":11,"column":46}},"10":{"start":{"line":12,"column":38},"end":{"line":12,"column":52}},"11":{"start":{"line":13,"column":36},"end":{"line":13,"column":51}},"12":{"start":{"line":14,"column":30},"end":{"line":14,"column":59}},"13":{"start":{"line":15,"column":36},"end":{"line":21,"column":6}},"14":{"start":{"line":23,"column":4},"end":{"line":55,"column":13}},"15":{"start":{"line":24,"column":28},"end":{"line":50,"column":9}},"16":{"start":{"line":25,"column":12},"end":{"line":49,"column":13}},"17":{"start":{"line":26,"column":30},"end":{"line":26,"column":57}},"18":{"start":{"line":27,"column":33},"end":{"line":31,"column":18}},"19":{"start":{"line":33,"column":16},"end":{"line":35,"column":17}},"20":{"start":{"line":34,"column":20},"end":{"line":34,"column":66}},"21":{"start":{"line":37,"column":29},"end":{"line":37,"column":50}},"22":{"start":{"line":38,"column":16},"end":{"line":44,"column":19}},"23":{"start":{"line":46,"column":16},"end":{"line":46,"column":38}},"24":{"start":{"line":48,"column":16},"end":{"line":48,"column":36}},"25":{"start":{"line":52,"column":8},"end":{"line":54,"column":9}},"26":{"start":{"line":53,"column":12},"end":{"line":53,"column":26}},"27":{"start":{"line":57,"column":25},"end":{"line":63,"column":5}},"28":{"start":{"line":58,"column":30},"end":{"line":58,"column":38}},"29":{"start":{"line":59,"column":8},"end":{"line":62,"column":12}},"30":{"start":{"line":59,"column":29},"end":{"line":62,"column":10}},"31":{"start":{"line":65,"column":25},"end":{"line":92,"column":5}},"32":{"start":{"line":66,"column":8},"end":{"line":66,"column":27}},"33":{"start":{"line":67,"column":8},"end":{"line":67,"column":26}},"34":{"start":{"line":68,"column":8},"end":{"line":68,"column":23}},"35":{"start":{"line":70,"column":8},"end":{"line":91,"column":9}},"36":{"start":{"line":71,"column":26},"end":{"line":71,"column":53}},"37":{"start":{"line":72,"column":29},"end":{"line":79,"column":14}},"38":{"start":{"line":81,"column":12},"end":{"line":84,"column":13}},"39":{"start":{"line":82,"column":34},"end":{"line":82,"column":55}},"40":{"start":{"line":83,"column":16},"end":{"line":83,"column":87}},"41":{"start":{"line":86,"column":12},"end":{"line":86,"column":33}},"42":{"start":{"line":88,"column":12},"end":{"line":88,"column":34}},"43":{"start":{"line":90,"column":12},"end":{"line":90,"column":31}},"44":{"start":{"line":94,"column":4},"end":{"line":100,"column":5}},"45":{"start":{"line":95,"column":8},"end":{"line":99,"column":10}},"46":{"start":{"line":102,"column":4},"end":{"line":202,"column":6}},"47":{"start":{"line":105,"column":65},"end":{"line":105,"column":85}},"48":{"start":{"line":181,"column":83},"end":{"line":181,"column":103}},"49":{"start":{"line":9,"column":13},"end":{"line":9,"column":26}}},"fnMap":{"0":{"name":"(anonymous_0)","decl":{"start":{"line":9,"column":26},"end":{"line":9,"column":29}},"loc":{"start":{"line":9,"column":31},"end":{"line":203,"column":1}}},"1":{"name":"(anonymous_1)","decl":{"start":{"line":23,"column":14},"end":{"line":23,"column":17}},"loc":{"start":{
[...]
{"line":58,"column":65}},"loc":{"start":{"line":58,"column":69},"end":{"line":58,"column":82}}},"8":{"name":"(anonymous_8)","decl":{"start":{"line":65,"column":25},"end":{"line":65,"column":30}},"loc":{"start":{"line":65,"column":54},"end":{"line":81,"column":5}}},"9":{"name":"(anonymous_9)","decl":{"start":{"line":86,"column":59},"end":{"line":86,"column":62}},"loc":{"start":{"line":86,"column":65},"end":{"line":86,"column":83}}},"10":{"name":"(anonymous_10)","decl":{"start":{"line":180,"column":46},"end":{"line":180,"column":50}},"loc":{"start":{"line":181,"column":40},"end":{"line":181,"column":59}}},"11":{"name":"(anonymous_11)","decl":{"start":{"line":187,"column":58},"end":{"line":187,"column":61}},"loc":{"start":{"line":187,"column":64},"end":{"line":187,"column":89}}},"12":{"name":"(anonymous_12)","decl":{"start":{"line":202,"column":77},"end":{"line":202,"column":80}},"loc":{"start":{"line":202,"column":83},"end":{"line":202,"column":101}}}},"branchMap":{"0":{"loc":{"start":{"line":32,"column":16},"end":{"line":32,"column":35}},"type":"if","locations":[{"start":{"line":32,"column":16},"end":{"line":32,"column":35}},{"start":{},"end":{}}]},"1":{"loc":{"start":{"line":57,"column":12},"end":{"line":61,"column":13}},"type":"if","locations":[{"start":{"line":57,"column":12},"end":{"line":61,"column":13}},{"start":{"line":59,"column":19},"end":{"line":61,"column":13}}]},"2":{"loc":{"start":{"line":72,"column":12},"end":{"line":72,"column":64}},"type":"if","locations":[{"start":{"line":72,"column":12},"end":{"line":72,"column":64}},{"start":{},"end":{}}]},"3":{"loc":{"start":{"line":102,"column":25},"end":{"line":105,"column":null}},"type":"binary-expr","locations":[{"start":{"line":102,"column":25},"end":{"line":102,"column":30}},{"start":{"line":103,"column":28},"end":{"line":104,"column":null}}]},"4":{"loc":{"start":{"line":173,"column":33},"end":{"line":196,"column":null}},"type":"cond-expr","locations":[{"start":{"line":174,"column":36},"end":{"line":175,"column":null}},{"start":{"line":177,"column":36},"end":{"line":196,"column":null}}]},"5":{"loc":{"start":{"line":177,"column":36},"end":{"line":196,"column":null}},"type":"cond-expr","locations":[{"start":{"line":178,"column":36},"end":{"line":178,"column":106}},{"start":{"line":180,"column":36},"end":{"line":196,"column":38}}]},"6":{"loc":{"start":{"line":206,"column":33},"end":{"line":215,"column":null}},"type":"cond-expr","locations":[{"start":{"line":207,"column":36},"end":{"line":208,"column":null}},{"start":{"line":212,"column":36},"end":{"line":213,"column":null}}]}},"s":{"0":1,"1":1,"2":1,"3":1,"4":1,"5":1,"6":1,"7":1,"8":1,"9":1,"10":0,"11":0,"12":0,"13":0,"14":0,"15":0,"16":0,"17":0,"18":0,"19":0,"20":0,"21":0,"22":0,"23":0,"24":0,"25":0,"26":0,"27":0,"28":0,"29":0,"30":0,"31":0,"32":0,"33":0,"34":0,"35":0,"36":0,"37":0,"38":0,"39":0,"40":0,"41":0,"42":0,"43":0,"44":0,"45":0,"46":0,"47":0,"48":0,"49":0,"50":0,"51":0,"52":0,"53":0,"54":0,"55":1},"f":{"0":0,"1":0,"2":0,"3":0,"4":0,"5":0,"6":0,"7":0,"8":0,"9":0,"10":0,"11":0,"12":0},"b":{"0":[0,0],"1":[0,0],"2":[0,0],"3":[0,0],"4":[0,0],"5":[0,0],"6":[0,0]}}
,"C:\\Users\\Admin\\Desktop\\Uni\\Programación Avanzada\\Proyecto 3\\2025_proyecto3_front_ClaimFlow\\src\\pages\\users\\UsersList.tsx": {"path":"C:\\Users\\Admin\\Desktop\\Uni\\Programación Avanzada\\Proyecto 3\\2025_proyecto3_front_ClaimFlow\\src\\pages\\users\\UsersList.tsx","statementMap":{"0":{"start":{"line":1,"column":0},"end":{"line":1,"column":51}},"1":{"start":{"line":2,"column":0},"end":{"line":2,"column":45}},"2":{"start":{"line":3,"column":0},"end":{"line":3,"column":47}},"3":{"start":{"line":4,"column":0},"end":{"line":4,"column":52}},"4":{"start":{"line":5,"column":0},"end":{"line":5,"column":84}},"5":{"start":{"line":6,"column":0},"end":{"line":6,"column":32}},"6":{"start":{"line":7,"column":0},"end":{"line":7,"column":56}},"7":{"start":{"line":19,"column":25},"end":{"line":120,"column":1}},"8":{"start":{"line":20,"column":21},"end":{"line":20,"column":34}},"9":{"start":{"line":21,"column":30},"end":{"line":21,"column":50}},"10":{"start":{"line":22,"column":38},"end":{"line":22,"column":52}},"11":{"start":{"line":23,"column":30},"end":{"line":23,"column":59}},"12":{"start":{"line":25,"column":4},"end":{"line":40,"column":11}},"13":{"start":{"line":26,"column":27},"end":{"line":37,"column":9}},"14":{"start":{"line":27,"column":12},"end":{"line":36,"column":13}},"15":{"start":{"line":28,"column":30},"end":{"line":28,"column":57}},"16":{"start":{"line":29,"column":16},"end":{"line":29,"column":35}},"17":{"start":{"line":29,"column":28},"end":{"line":29,"column":35}},"18":{"start":{"line":30,"column":29},"end":{"line":30,"column":50}},"19":{"start":{"line":31,"column":16},"end":{"line":31,"column":31}},"20":{"start":{"line":33,"column":16},"end":{"line":33,"column":38}},"21":{"start":{"line":35,"column":16},"end":{"line":35,"column":36}},"22":{"start":{"line":39,"column":8},"end":{"line":39,"column":21}},"23":{"start":{"line":42,"column":4},"end":{"line":48,"column":5}},"24":{"start":{"line":43,"column":8},"end":{"line":47,"column":10}},"25":{"start":{"line":50,"column":4},"end":{"line":119,"column":6}},"26":{"start":{"line":57,"column":39},"end":{"line":57,"column":61}},"27":{"start":{"line":93,"column":40},"end":{"line":93,"column":58}},"28":{"start":{"line":103,"column":56},"end":{"line":103,"column":74}},"29":{"start":{"line":19,"column":13},"end":{"line":19,"column":25}}},"fnMap":{"0":{"name":"(anonymous_0)","decl":{"start":{"line":19,"column":25},"end":{"line":19,"column":28}},"loc":{"start":{"line":19,"column":30},"end":{"line":120,"column":1}}},"1":{"name":"(anonymous_1)","decl":{"start":{"line":25,"column":14},"end":{"line":25,"column":17}},"loc":{"start":{"line":25,"column":19},"end":{"line":40,"column":5}}},"2":{"name":"(anonymous_2)","decl":{"start":{"line":26,"column":27},"end":{"line":26,"column":32}},"loc":{"start":{"line":26,"column":38},"end":{"line":37,"column":9}}},"3":{"name":"(anonymous_3)","decl":{"start":{"line":57,"column":33},"end":{"line":57,"column":36}},"loc":{"start":{"line":57,"column":39},"end":{"line":57,"column":61}}},"4":{"name":"(anonymous_4)","decl":{"start":{"line":92,"column":46},"end":{"line":92,"column":47}},"loc":{"start":{"line":93,"column":40},"end":{"line":93,"column":58}}},"5":{"name":"(anonymous_5)","decl":{"start":{"line":102,"column":82},"end":{"line":102,"column":83}},"loc":{"start":{"line":103,"column":56},"end":{"line":103,"column":74}}}},"branchMap":{"0":{"loc":{"start":{"line":29,"column":16},"end":{"line":29,"column":35}},"type":"if","locations":[{"start":{"line":29,"column":16},"end":{"line":29,"column":35}},{"start":{},"end":{}}]},"1":{"loc":{"start":{"line":42,"column":4},"end":{"line":48,"column":5}},"type":"if","locations":[{"start":{"line":42,"column":4},"end":{"line":48,"column":5}},{"start":{},"end":{}}]},"2":{"loc":{"start":{"line":68,"column":21},"end":{"line":71,"column":null}},"type":"binary-expr","locations":[{"start":{"line":68,"column":21},"end":{"line":68,"column":26}},{"start":{"line":69,"column":24},"end":{"line":70,"column":null}}]},"3":{"loc":{"start":{"line":85,"column":33},"end":{"line":111,"column":null}},"type":"cond-expr","locations":[{"start":{"line":86,"column":36},"end":{"line":89,"column":null}},{"start":{"line":92,"column":36},"end":{"line":111,"column":38}}]},"4":{"loc":{"start":{"line":98,"column":90},"end":{"line":98,"column":107}},"type":"binary-expr","locations":[{"start":{"line":98,"column":90},"end":{"line":98,"column":100}},{"start":{"line":98,"column":104},"end":{"line":98,"column":107}}]},"5":{"loc":{"start":{"line":99,"column":90},"end":{"line":99,"column":105}},"type":"binary-expr","locations":[{"start":{"line":99,"column":90},"end":{"line":99,"column":98}},{"start":{"line":99,"column":102},"end":{"line":99,"column":105}}]},"6":{"loc":{"start":{"line":102,"column":53},"end":{"line":106,"column":54}},"type":"binary-expr","locations":[{"start":{"line":102,"column":53},"end":{"line":102,"column":63}},{"start":{"line":102,"column":67},"end":{"line":106,"column":54}}]},"7":{"loc":{"start":{"line":107,"column":53},"end":{"line":107,"column":100}},"type":"binary-expr","locations":[{"start":{"line":107,"column":54},"end":{"line":107,"column":65}},{"start":{"line":107,"column":69},"end":{"line":107,"column":92}},{"start":{"line":107,"column":97},"end":{"line":107,"column":100}}]}},"s":{"0":1,"1":1,"2":1,"3":1,"4":1,"5":1,"6":1,"7":1,"8":0,"9":0,"10":0,"11":0,"12":0,"13":0,"14":0,"15":0,"16":0,"17":0,"18":0,"19":0,"20":0,"21":0,"22":0,"23":0,"24":0,"25":0,"26":0,"27":0,"28":0,"29":1},"f":{"0":0,"1":0,"2":0,"3":0,"4":0,"5":0},"b":{"0":[0,0],"1":[0,0],"2":[0,0],"3":[0,0],"4":[0,0],"5":[0,0],"6":[0,0],"7":[0,0,0]}}
,"C:\\Users\\Admin\\Desktop\\Uni\\Programación Avanzada\\Proyecto 3\\2025_proyecto3_front_ClaimFlow\\src\\services\\claims.service.ts": {"path":"C:\\Users\\Admin\\Desktop\\Uni\\Programación Avanzada\\Proyecto 3\\2025_proyecto3_front_ClaimFlow\\src\\services\\claims.service.ts","statementMap":{"0":{"start":{"line":1,"column":13},"end":{"line":1,"column":58}},"1":{"start":{"line":3,"column":27},"end":{"line":23,"column":1}},"2":{"start":{"line":4,"column":21},"end":{"line":11,"column":6}},"3":{"start":{"line":13,"column":4},"end":{"line":20,"column":5}},"4":{"start":{"line":14,"column":22},"end":{"line":14,"column":49}},"5":{"start":{"line":15,"column":8},"end":{"line":18,"column":23}},"6":{"start":{"line":16,"column":30},"end":{"line":16,"column":51}},"7":{"start":{"line":17,"column":12},"end":{"line":17,"column":51}},"8":{"start":{"line":19,"column":8},"end":{"line":19,"column":33}},"9":{"start":{"line":22,"column":4},"end":{"line":22,"column":27}},"10":{"start":{"line":3,"column":13},"end":{"line":3,"column":27}},"11":{"start":{"line":25,"column":25},"end":{"line":37,"column":1}},"12":{"start":{"line":26,"column":21},"end":{"line":30,"column":6}},"13":{"start":{"line":32,"column":4},"end":{"line":34,"column":5}},"14":{"start":{"line":33,"column":8},"end":{"line":33,"column":52}},"15":{"start":{"line":36,"column":4},"end":{"line":36,"column":27}},"16":{"start":{"line":25,"column":13},"end":{"line":25,"column":25}},"17":{"start":{"line":39,"column":28},"end":{"line":51,"column":1}},"18":{"start":{"line":40,"column":21},"end":{"line":44,"column":6}},"19":{"start":{"line":46,"column":4},"end":{"line":48,"column":5}},"20":{"start":{"line":47,"column":8},"end":{"line":47,"column":54}},"21":{"start":{"line":50,"column":4},"end":{"line":50,"column":27}},"22":{"start":{"line":39,"column":13},"end":{"line":39,"column":28}},"23":{"start":{"line":53,"column":27},"end":{"line":67,"column":1}},"24":{"start":{"line":54,"column":21},"end":{"line":60,"column":6}},"25":{"start":{"line":62,"column":4},"end":{"line":64,"column":5}},"26":{"start":{"line":63,"column":8},"end":{"line":63,"column":58}},"27":{"start":{"line":66,"column":4},"end":{"line":66,"column":27}},"28":{"start":{"line":53,"column":13},"end":{"line":53,"column":27}}},"fnMap":{"0":{"name":"(anonymous_0)","decl":{"start":{"line":3,"column":27},"end":{"line":3,"column":32}},"loc":{"start":{"line":3,"column":67},"end":{"line":23,"column":1}}},"1":{"name":"(anonymous_1)","decl":{"start":{"line":25,"column":25},"end":{"line":25,"column":30}},"loc":{"start":{"line":25,"column":49},"end":{"line":37,"column":1}}},"2":{"name":"(anonymous_2)","decl":{"start":{"line":39,"column":28},"end":{"line":39,"column":33}},"loc":{"start":{"line":39,"column":64},"end":{"line":51,"column":1}}},"3":{"name":"(anonymous_3)","decl":{"start":{"line":53,"column":27},"end":{"line":53,"column":32}},"loc":{"start":{"line":53,"column":79},"end":{"line":67,"column":1}}}},"branchMap":{"0":{"loc":{"start":{"line":13,"column":4},"end":{"line":20,"column":5}},"type":"if","locations":[{"start":{"line":13,"column":4},"end":{"line":20,"column":5}},{"start":{},"end":{}}]},"1":{"loc":{"start":{"line":17,"column":22},"end":{"line":17,"column":50}},"type":"binary-expr","locations":[{"start":{"line":17,"column":22},"end":{"line":17,"column":39}},{"start":{"line":17,"column":43},"end":{"line":17,"column":50}}]},"2":{"loc":{"start":{"line":32,"column":4},"end":{"line":34,"column":5}},"type":"if","locations":[{"start":{"line":32,"column":4},"end":{"line":34,"column":5}},{"start":{},"end":{}}]},"3":{"loc":{"start":{"line":46,"column":4},"end":{"line":48,"column":5}},"type":"if","locations":[{"start":{"line":46,"column":4},"end":{"line":48,"column":5}},{"start":{},"end":{}}]},"4":{"loc":{"start":{"line":62,"column":4},"end":{"line":64,"column":5}},"type":"if","locations":[{"start":{"line":62,"column":4},"end":{"line":64,"column":5}},{"start":{},"end":{}}]}},"s":{"0":1,"1":1,"2":0,"3":0,"4":0,"5":0,"6":0,"7":0,"8":0,"9":0,"10":1,"11":1,"12":0,"13":0,"14":0,"15":0,"16":1,"17":1,"18":0,"19":0,"20":0,"21":0,"22":1,"23":1,"24":0,"25":0,"26":0,"27":0,"28":1},"f":{"0":0,"1":0,"2":0,"3":0},"b":{"0":[0,0],"1":[0,0],"2":[0,0],"3":[0,0],"4":[0,0]}}
,"C:\\Users\\Admin\\Desktop\\Uni\\Programación Avanzada\\Proyecto 3\\2025_proyecto3_front_ClaimFlow\\src\\services\\clients.service.ts": {"path":"C:\\Users\\Admin\\Desktop\\Uni\\Programación Avanzada\\Proyecto 3\\2025_proyecto3_front_ClaimFlow\\src\\services\\clients.service.ts","statementMap":{"0":{"start":{"line":1,"column":13},"end":{"line":1,"column":59}},"1":{"start":{"line":3,"column":26},"end":{"line":15,"column":1}},"2":{"start":{"line":4,"column":21},"end":{"line":8,"column":6}},"3":{"start":{"line":10,"column":4},"end":{"line":12,"column":5}},"4":{"start":{"line":11,"column":8},"end":{"line":11,"column":52}},"5":{"start":{"line":14,"column":4},"end":{"line":14,"column":27}},"6":{"start":{"line":3,"column":13},"end":{"line":3,"column":26}},"7":{"start":{"line":17,"column":28},"end":{"line":30,"column":1}},"8":{"start":{"line":18,"column":21},"end":{"line":23,"column":6}},"9":{"start":{"line":25,"column":4},"end":{"line":27,"column":5}},"10":{"start":{"line":26,"column":8},"end":{"line":26,"column":53}},"11":{"start":{"line":29,"column":4},"end":{"line":29,"column":27}},"12":{"start":{"line":17,"column":13},"end":{"line":17,"column":28}}},"fnMap":{"0":{"name":"(anonymous_0)","decl":{"start":{"line":3,"column":26},"end":{"line":3,"column":31}},"loc":{"start":{"line":3,"column":50},"end":{"line":15,"column":1}}},"1":{"name":"(anonymous_1)","decl":{"start":{"line":17,"column":28},"end":{"line":17,"column":33}},"loc":{"start":{"line":17,"column":64},"end":{"line":30,"column":1}}}},"branchMap":{"0":{"loc":{"start":{"line":10,"column":4},"end":{"line":12,"column":5}},"type":"if","locations":[{"start":{"line":10,"column":4},"end":{"line":12,"column":5}},{"start":{},"end":{}}]},"1":{"loc":{"start":{"line":25,"column":4},"end":{"line":27,"column":5}},"type":"if","locations":[{"start":{"line":25,"column":4},"end":{"line":27,"column":5}},{"start":{},"end":{}}]}},"s":{"0":1,"1":1,"2":0,"3":0,"4":0,"5":0,"6":1,"7":1,"8":0,"9":0,"10":0,"11":0,"12":1},"f":{"0":0,"1":0},"b":{"0":[0,0],"1":[0,0]}}
,"C:\\Users\\Admin\\Desktop\\Uni\\Programación Avanzada\\Proyecto 3\\2025_proyecto3_front_ClaimFlow\\src\\services\\projects.service.ts": {"path":"C:\\Users\\Admin\\Desktop\\Uni\\Programación Avanzada\\Proyecto 3\\2025_proyecto3_front_ClaimFlow\\src\\services\\projects.service.ts","statementMap":{"0":{"start":{"line":1,"column":13},"end":{"line":1,"column":61}},"1":{"start":{"line":3,"column":27},"end":{"line":15,"column":1}},"2":{"start":{"line":4,"column":21},"end":{"line":8,"column":6}},"3":{"start":{"line":10,"column":4},"end":{"line":12,"column":5}},"4":{"start":{"line":11,"column":8},"end":{"line":11,"column":53}},"5":{"start":{"line":14,"column":4},"end":{"line":14,"column":27}},"6":{"start":{"line":3,"column":13},"end":{"line":3,"column":27}}},"fnMap":{"0":{"name":"(anonymous_0)","decl":{"start":{"line":3,"column":27},"end":{"line":3,"column":32}},"loc":{"start":{"line":3,"column":51},"end":{"line":15,"column":1}}}},"branchMap":{"0":{"loc":{"start":{"line":10,"column":4},"end":{"line":12,"column":5}},"type":"if","locations":[{"start":{"line":10,"column":4},"end":{"line":12,"column":5}},{"start":{},"end":{}}]}},"s":{"0":1,"1":1,"2":0,"3":0,"4":0,"5":0,"6":1},"f":{"0":0},"b":{"0":[0,0]}}
,"C:\\Users\\Admin\\Desktop\\Uni\\Programación Avanzada\\Proyecto 3\\2025_proyecto3_front_ClaimFlow\\src\\services\\roles.service.ts": {"path":"C:\\Users\\Admin\\Desktop\\Uni\\Programación Avanzada\\Proyecto 3\\2025_proyecto3_front_ClaimFlow\\src\\services\\roles.service.ts","statementMap":{"0":{"start":{"line":3,"column":16},"end":{"line":3,"column":45}},"1":{"start":{"line":5,"column":24},"end":{"line":17,"column":1}},"2":{"start":{"line":6,"column":21},"end":{"line":10,"column":6}},"3":{"start":{"line":12,"column":4},"end":{"line":14,"column":5}},"4":{"start":{"line":13,"column":8},"end":{"line":13,"column":54}},"5":{"start":{"line":16,"column":4},"end":{"line":16,"column":27}},"6":{"start":{"line":5,"column":13},"end":{"line":5,"column":24}}},"fnMap":{"0":{"name":"(anonymous_0)","decl":{"start":{"line":5,"column":24},"end":{"line":5,"column":29}},"loc":{"start":{"line":5,"column":65},"end":{"line":17,"column":1}}}},"branchMap":{"0":{"loc":{"start":{"line":12,"column":4},"end":{"line":14,"column":5}},"type":"if","locations":[{"start":{"line":12,"column":4},"end":{"line":14,"column":5}},{"start":{},"end":{}}]}},"s":{"0":1,"1":1,"2":0,"3":0,"4":0,"5":0,"6":1},"f":{"0":0},"b":{"0":[0,0]}}
,"C:\\Users\\Admin\\Desktop\\Uni\\Programación Avanzada\\Proyecto 3\\2025_proyecto3_front_ClaimFlow\\src\\services\\users.service.ts": {"path":"C:\\Users\\Admin\\Desktop\\Uni\\Programación Avanzada\\Proyecto 3\\2025_proyecto3_front_ClaimFlow\\src\\services\\users.service.ts","statementMap":{"0":{"start":{"line":1,"column":16},"end":{"line":1,"column":44}},"1":{"start":{"line":3,"column":24},"end":{"line":15,"column":1}},"2":{"start":{"line":4,"column":21},"end":{"line":8,"column":6}},"3":{"start":{"line":10,"column":4},"end":{"line":12,"column":5}},"4":{"start":{"line":11,"column":8},"end":{"line":11,"column":53}},"5":{"start":{"line":14,"column":4},"end":{"line":14,"column":27}},"6":{"start":{"line":3,"column":13},"end":{"line":3,"column":24}},"7":{"start":{"line":17,"column":26},"end":{"line":33,"column":1}},"8":{"start":{"line":18,"column":21},"end":{"line":25,"column":6}},"9":{"start":{"line":27,"column":4},"end":{"line":30,"column":5}},"10":{"start":{"line":28,"column":26},"end":{"line":28,"column":65}},"11":{"start":{"line":28,"column":61},"end":{"line":28,"column":63}},"12":{"start":{"line":29,"column":8},"end":{"line":29,"column":71}},"13":{"start":{"line":32,"column":4},"end":{"line":32,"column":27}},"14":{"start":{"line":17,"column":13},"end":{"line":17,"column":26}}},"fnMap":{"0":{"name":"(anonymous_0)","decl":{"start":{"line":3,"column":24},"end":{"line":3,"column":29}},"loc":{"start":{"line":3,"column":48},"end":{"line":15,"column":1}}},"1":{"name":"(anonymous_1)","decl":{"start":{"line":17,"column":26},"end":{"line":17,"column":31}},"loc":{"start":{"line":17,"column":65},"end":{"line":33,"column":1}}},"2":{"name":"(anonymous_2)","decl":{"start":{"line":28,"column":54},"end":{"line":28,"column":57}},"loc":{"start":{"line":28,"column":61},"end":{"line":28,"column":63}}}},"branchMap":{"0":{"loc":{"start":{"line":10,"column":4},"end":{"line":12,"column":5}},"type":"if","locations":[{"start":{"line":10,"column":4},"end":{"line":12,"column":5}},{"start":{},"end":{}}]},"1":{"loc":{"start":{"line":27,"column":4},"end":{"line":30,"column":5}},"type":"if","locations":[{"start":{"line":27,"column":4},"end":{"line":30,"column":5}},{"start":{},"end":{}}]},"2":{"loc":{"start":{"line":29,"column":24},"end":{"line":29,"column":69}},"type":"binary-expr","locations":[{"start":{"line":29,"column":24},"end":{"line":29,"column":41}},{"start":{"line":29,"column":45},"end":{"line":29,"column":69}}]}},"s":{"0":1,"1":1,"2":0,"3":0,"4":0,"5":0,"6":1,"7":1,"8":0,"9":0,"10":0,"11":0,"12":0,"13":0,"14":1},"f":{"0":0,"1":0,"2":0},"b":{"0":[0,0],"1":[0,0],"2":[0,0]}}
}
