TN:
SF:src\App.tsx
FN:20,(anonymous_0)
FN:33,App
FNF:2
FNH:2
FNDA:3,(anonymous_0)
FNDA:12,App
DA:1,1
DA:2,1
DA:3,1
DA:4,1
DA:5,1
DA:6,1
DA:7,1
DA:8,1
DA:9,1
DA:10,1
DA:11,1
DA:12,1
DA:13,1
DA:14,1
DA:15,1
DA:16,1
DA:17,1
DA:18,1
DA:20,1
DA:21,3
DA:23,3
DA:24,0
DA:27,3
DA:28,2
DA:30,1
DA:34,12
DA:67,1
LF:27
LH:26
BRDA:23,0,0,0
BRDA:23,0,1,3
BRDA:27,1,0,2
BRDA:27,1,1,1
BRF:4
BRH:3
end_of_record
TN:
SF:src\components\layout\Header.tsx
FN:11,(anonymous_0)
FNF:1
FNH:1
FNDA:1,(anonymous_0)
DA:1,1
DA:2,1
DA:3,1
DA:11,1
DA:12,1
LF:5
LH:5
BRDA:19,0,0,1
BRDA:19,0,1,0
BRF:2
BRH:1
end_of_record
TN:
SF:src\components\layout\Layout.tsx
FN:7,(anonymous_0)
FN:12,(anonymous_1)
FN:13,(anonymous_2)
FN:25,(anonymous_3)
FN:28,(anonymous_4)
FN:36,(anonymous_5)
FN:40,(anonymous_6)
FNF:7
FNH:4
FNDA:1,(anonymous_0)
FNDA:1,(anonymous_1)
FNDA:1,(anonymous_2)
FNDA:1,(anonymous_3)
FNDA:0,(anonymous_4)
FNDA:0,(anonymous_5)
FNDA:0,(anonymous_6)
DA:1,1
DA:2,1
DA:3,1
DA:4,1
DA:5,1
DA:7,1
DA:8,1
DA:9,1
DA:12,1
DA:13,1
DA:14,1
DA:15,1
DA:16,1
DA:17,0
DA:19,1
DA:23,1
DA:24,1
DA:25,1
DA:28,1
DA:30,1
DA:36,0
DA:40,0
LF:22
LH:19
BRDA:16,0,0,0
BRDA:16,0,1,1
BRDA:33,1,0,1
BRDA:33,1,1,0
BRDA:33,1,2,0
BRDA:44,2,0,1
BRDA:44,2,1,1
BRDA:44,3,0,1
BRDA:44,3,1,0
BRF:9
BRH:5
end_of_record
TN:
SF:src\components\layout\Sidebar.tsx
FN:15,(anonymous_0)
FN:51,(anonymous_1)
FN:56,(anonymous_2)
FNF:3
FNH:3
FNDA:1,(anonymous_0)
FNDA:6,(anonymous_1)
FNDA:12,(anonymous_2)
DA:1,1
DA:2,1
DA:3,1
DA:4,1
DA:5,1
DA:7,1
DA:15,1
DA:16,1
DA:17,1
DA:26,1
DA:52,6
DA:57,12
LF:12
LH:12
BRDA:30,0,0,1
BRDA:30,0,1,0
BRDA:30,1,0,0
BRDA:30,1,1,0
BRDA:36,2,0,1
BRDA:36,2,1,0
BRDA:42,3,0,1
BRDA:42,3,1,0
BRDA:55,4,0,0
BRDA:55,4,1,6
BRDA:59,5,0,12
BRDA:59,5,1,0
BRDA:60,6,0,1
BRDA:60,6,1,11
BRDA:65,7,0,0
BRDA:65,7,1,6
BRDA:67,8,0,6
BRDA:67,8,1,0
BRDA:70,9,0,6
BRDA:70,9,1,0
BRDA:76,10,0,6
BRDA:76,10,1,0
BRDA:76,10,2,0
BRDA:91,11,0,1
BRDA:91,11,1,0
BRDA:93,12,0,0
BRDA:93,12,1,1
BRDA:98,13,0,1
BRDA:98,13,1,0
BRF:29
BRH:14
end_of_record
TN:
SF:src\components\ui\Button.tsx
FN:12,(anonymous_0)
FNF:1
FNH:1
FNDA:18,(anonymous_0)
DA:1,3
DA:2,3
DA:3,3
DA:11,3
DA:13,18
DA:21,18
DA:27,18
DA:46,3
LF:8
LH:8
BRDA:12,0,0,14
BRDA:12,1,0,15
BRDA:36,2,0,18
BRDA:36,2,1,16
BRDA:39,3,0,18
BRDA:39,3,1,2
BRF:6
BRH:6
end_of_record
TN:
SF:src\components\ui\Card.tsx
FN:9,(anonymous_0)
FN:26,(anonymous_1)
FN:33,(anonymous_2)
FN:40,(anonymous_3)
FNF:4
FNH:4
FNDA:184,(anonymous_0)
FNDA:178,(anonymous_1)
FNDA:178,(anonymous_2)
FNDA:174,(anonymous_3)
DA:1,4
DA:2,4
DA:8,4
DA:10,184
DA:23,4
DA:25,4
DA:27,178
DA:30,4
DA:32,4
DA:34,178
DA:37,4
DA:39,4
DA:41,174
DA:44,4
LF:14
LH:14
BRDA:9,0,0,69
BRDA:15,1,0,184
BRDA:15,1,1,115
BRF:3
BRH:3
end_of_record
TN:
SF:src\components\ui\Input.tsx
FN:10,(anonymous_0)
FNF:1
FNH:1
FNDA:24,(anonymous_0)
DA:1,3
DA:2,3
DA:9,3
DA:11,24
DA:33,3
LF:5
LH:5
BRDA:13,0,0,24
BRDA:13,0,1,4
BRDA:22,1,0,24
BRDA:22,1,1,3
BRDA:27,2,0,24
BRDA:27,2,1,3
BRF:6
BRH:6
end_of_record
TN:
SF:src\context\AuthContext.tsx
FN:16,(anonymous_0)
FN:21,(anonymous_1)
FN:22,(anonymous_2)
FN:35,(anonymous_3)
FN:75,(anonymous_4)
FN:102,(anonymous_5)
FNF:6
FNH:6
FNDA:89,(anonymous_0)
FNDA:17,(anonymous_1)
FNDA:17,(anonymous_2)
FNDA:11,(anonymous_3)
FNDA:5,(anonymous_4)
FNDA:89,(anonymous_5)
DA:1,2
DA:2,2
DA:14,2
DA:16,2
DA:17,89
DA:18,89
DA:19,89
DA:21,89
DA:22,17
DA:23,17
DA:24,17
DA:26,17
DA:28,3
DA:30,17
DA:32,17
DA:35,89
DA:36,11
DA:37,11
DA:38,11
DA:39,11
DA:47,10
DA:48,3
DA:49,3
DA:52,7
DA:53,7
DA:56,7
DA:64,7
DA:65,7
DA:66,7
DA:68,4
DA:69,4
DA:71,11
DA:75,89
DA:76,5
DA:77,5
DA:78,5
DA:79,5
DA:87,1
DA:89,5
DA:90,5
DA:91,5
DA:95,89
DA:102,2
DA:103,89
DA:104,88
DA:105,0
DA:107,88
LF:47
LH:46
BRDA:26,0,0,3
BRDA:26,0,1,14
BRDA:26,1,0,17
BRDA:26,1,1,6
BRDA:47,2,0,3
BRDA:47,2,1,7
BRDA:49,3,0,3
BRDA:49,3,1,1
BRDA:78,4,0,5
BRDA:78,4,1,0
BRDA:104,5,0,0
BRDA:104,5,1,88
BRF:12
BRH:10
end_of_record
TN:
SF:src\lib\mock-data.ts
FNF:0
FNH:0
DA:3,1
DA:9,1
DA:29,1
LF:3
LH:3
BRF:0
BRH:0
end_of_record
TN:
SF:src\lib\utils.ts
FN:4,cn
FNF:1
FNH:1
FNDA:786,cn
DA:1,6
DA:2,6
DA:4,6
DA:5,786
LF:4
LH:4
BRF:0
BRH:0
end_of_record
TN:
SF:src\pages\Dashboard.tsx
FN:24,(anonymous_0)
FN:85,(anonymous_1)
FN:109,(anonymous_2)
FN:117,(anonymous_3)
FNF:4
FNH:3
FNDA:28,(anonymous_0)
FNDA:0,(anonymous_1)
FNDA:84,(anonymous_2)
FNDA:84,(anonymous_3)
DA:1,2
DA:2,2
DA:3,2
DA:4,2
DA:6,2
DA:16,2
DA:22,2
DA:24,2
DA:25,28
DA:85,0
DA:110,84
DA:118,84
LF:12
LH:11
BRF:0
BRH:0
end_of_record
TN:
SF:src\pages\Login.tsx
FN:12,(anonymous_0)
FN:19,(anonymous_1)
FN:30,(anonymous_2)
FN:73,(anonymous_3)
FN:83,(anonymous_4)
FNF:5
FNH:1
FNDA:60,(anonymous_0)
FNDA:0,(anonymous_1)
FNDA:0,(anonymous_2)
FNDA:0,(anonymous_3)
FNDA:0,(anonymous_4)
DA:1,2
DA:2,2
DA:3,2
DA:4,2
DA:5,2
DA:6,2
DA:8,2
DA:10,2
DA:12,2
DA:13,60
DA:14,59
DA:15,58
DA:16,58
DA:17,0
DA:19,0
DA:20,0
DA:30,0
DA:31,0
DA:32,0
DA:33,0
DA:34,0
DA:40,0
DA:73,0
DA:83,0
LF:24
LH:13
BRDA:60,0,0,0
BRDA:60,0,1,0
BRDA:87,1,0,0
BRDA:87,1,1,0
BRF:4
BRH:0
end_of_record
TN:
SF:src\pages\Settings.tsx
FN:6,(anonymous_0)
FNF:1
FNH:0
FNDA:0,(anonymous_0)
DA:1,1
DA:2,1
DA:3,1
DA:4,1
DA:6,1
DA:7,0
LF:6
LH:5
BRF:0
BRH:0
end_of_record
TN:
SF:src\pages\claims\ClaimDetail.tsx
FN:10,(anonymous_0)
FN:12,(anonymous_1)
FN:15,(anonymous_2)
FNF:3
FNH:0
FNDA:0,(anonymous_0)
FNDA:0,(anonymous_1)
FNDA:0,(anonymous_2)
DA:1,1
DA:2,1
DA:3,1
DA:4,1
DA:5,1
DA:6,1
DA:7,1
DA:8,1
DA:10,1
DA:11,0
DA:12,0
DA:13,0
DA:15,0
DA:16,0
DA:25,0
LF:15
LH:9
BRDA:12,0,0,0
BRDA:12,0,1,0
BRDA:38,1,0,0
BRDA:38,1,1,0
BRDA:39,2,0,0
BRDA:39,2,1,0
BRDA:40,3,0,0
BRDA:40,3,1,0
BRDA:67,4,0,0
BRDA:67,4,1,0
BRDA:89,5,0,0
BRDA:89,5,1,0
BRF:12
BRH:0
end_of_record
TN:
SF:src\pages\claims\ClaimsList.tsx
FN:11,(anonymous_0)
FN:16,(anonymous_1)
FN:17,(anonymous_2)
FN:95,(anonymous_3)
FNF:4
FNH:0
FNDA:0,(anonymous_0)
FNDA:0,(anonymous_1)
FNDA:0,(anonymous_2)
FNDA:0,(anonymous_3)
DA:1,1
DA:2,1
DA:3,1
DA:4,1
DA:5,1
DA:6,1
DA:7,1
DA:8,1
DA:9,1
DA:11,1
DA:12,0
DA:13,0
DA:14,0
DA:16,0
DA:17,0
DA:18,0
DA:19,0
DA:20,0
DA:21,0
DA:22,0
DA:24,0
DA:26,0
DA:29,0
DA:32,0
DA:33,0
DA:40,0
DA:96,0
LF:27
LH:10
BRDA:20,0,0,0
BRDA:20,0,1,0
BRDA:32,1,0,0
BRDA:32,1,1,0
BRDA:69,2,0,0
BRDA:69,2,1,0
BRDA:88,3,0,0
BRDA:88,3,1,0
BRDA:100,4,0,0
BRDA:100,4,1,0
BRDA:105,5,0,0
BRDA:105,5,1,0
BRDA:106,6,0,0
BRDA:106,6,1,0
BRDA:107,7,0,0
BRDA:107,7,1,0
BRDA:108,8,0,0
BRDA:108,8,1,0
BRDA:116,9,0,0
BRDA:116,9,1,0
BRDA:117,10,0,0
BRDA:117,10,1,0
BRDA:118,11,0,0
BRDA:118,11,1,0
BRDA:125,12,0,0
BRDA:125,12,1,0
BRF:26
BRH:0
end_of_record
TN:
SF:src\pages\claims\CreateClaim.tsx
FN:12,(anonymous_0)
FN:35,(anonymous_1)
FN:36,(anonymous_2)
FN:67,(anonymous_3)
FN:91,(anonymous_4)
FN:96,(anonymous_5)
FN:100,(anonymous_6)
FN:106,(anonymous_7)
FN:108,(anonymous_8)
FN:119,(anonymous_9)
FN:121,(anonymous_10)
FN:124,(anonymous_11)
FN:130,(anonymous_12)
FN:133,(anonymous_13)
FN:142,(anonymous_14)
FN:144,(anonymous_15)
FN:147,(anonymous_16)
FN:149,(anonymous_17)
FN:153,(anonymous_18)
FN:225,(anonymous_19)
FN:242,(anonymous_20)
FN:333,(anonymous_21)
FNF:22
FNH:0
FNDA:0,(anonymous_0)
FNDA:0,(anonymous_1)
FNDA:0,(anonymous_2)
FNDA:0,(anonymous_3)
FNDA:0,(anonymous_4)
FNDA:0,(anonymous_5)
FNDA:0,(anonymous_6)
FNDA:0,(anonymous_7)
FNDA:0,(anonymous_8)
FNDA:0,(anonymous_9)
FNDA:0,(anonymous_10)
FNDA:0,(anonymous_11)
FNDA:0,(anonymous_12)
FNDA:0,(anonymous_13)
FNDA:0,(anonymous_14)
FNDA:0,(anonymous_15)
FNDA:0,(anonymous_16)
FNDA:0,(anonymous_17)
FNDA:0,(anonymous_18)
FNDA:0,(anonymous_19)
FNDA:0,(anonymous_20)
FNDA:0,(anonymous_21)
DA:1,1
DA:2,1
DA:3,1
DA:4,1
DA:5,1
DA:6,1
DA:7,1
DA:8,1
DA:9,1
DA:10,1
DA:12,1
DA:13,0
DA:14,0
DA:15,0
DA:17,0
DA:18,0
DA:19,0
DA:20,0
DA:21,0
DA:22,0
DA:24,0
DA:35,0
DA:36,0
DA:37,0
DA:38,0
DA:39,0
DA:41,0
DA:46,0
DA:47,0
DA:48,0
DA:50,0
DA:51,0
DA:52,0
DA:53,0
DA:55,0
DA:66,0
DA:67,0
DA:68,0
DA:70,0
DA:81,0
DA:82,0
DA:84,0
DA:87,0
DA:91,0
DA:92,0
DA:93,0
DA:96,0
DA:99,0
DA:100,0
DA:101,0
DA:103,0
DA:106,0
DA:107,0
DA:108,0
DA:114,0
DA:119,0
DA:120,0
DA:121,0
DA:123,0
DA:124,0
DA:125,0
DA:126,0
DA:129,0
DA:130,0
DA:133,0
DA:134,0
DA:136,0
DA:142,0
DA:143,0
DA:144,0
DA:147,0
DA:148,0
DA:149,0
DA:153,0
DA:154,0
DA:155,0
DA:156,0
DA:158,0
DA:159,0
DA:160,0
DA:162,0
DA:163,0
DA:164,0
DA:165,0
DA:166,0
DA:167,0
DA:168,0
DA:169,0
DA:171,0
DA:172,0
DA:175,0
DA:176,0
DA:178,0
DA:181,0
DA:183,0
DA:185,0
DA:189,0
DA:190,0
DA:197,0
DA:226,0
DA:243,0
DA:333,0
LF:102
LH:11
BRDA:39,0,0,0
BRDA:39,0,1,0
BRDA:50,1,0,0
BRDA:50,1,1,0
BRDA:52,2,0,0
BRDA:52,2,1,0
BRDA:53,3,0,0
BRDA:53,3,1,0
BRDA:66,4,0,0
BRDA:66,4,1,0
BRDA:68,5,0,0
BRDA:68,5,1,0
BRDA:68,5,2,0
BRDA:99,6,0,0
BRDA:99,6,1,0
BRDA:101,7,0,0
BRDA:101,7,1,0
BRDA:101,7,2,0
BRDA:107,8,0,0
BRDA:107,8,1,0
BRDA:123,9,0,0
BRDA:123,9,1,0
BRDA:125,10,0,0
BRDA:125,10,1,0
BRDA:125,11,0,0
BRDA:125,11,1,0
BRDA:126,12,0,0
BRDA:126,12,1,0
BRDA:129,13,0,0
BRDA:129,13,1,0
BRDA:134,14,0,0
BRDA:134,14,1,0
BRDA:134,14,2,0
BRDA:148,15,0,0
BRDA:148,15,1,0
BRDA:148,16,0,0
BRDA:148,16,1,0
BRDA:160,17,0,0
BRDA:160,17,1,0
BRDA:171,18,0,0
BRDA:171,18,1,0
BRDA:175,19,0,0
BRDA:175,19,1,0
BRDA:189,20,0,0
BRDA:189,20,1,0
BRDA:200,21,0,0
BRDA:200,21,1,0
BRDA:209,22,0,0
BRDA:209,22,1,0
BRDA:325,23,0,0
BRDA:325,23,1,0
BRDA:338,24,0,0
BRDA:338,24,1,0
BRDA:339,25,0,0
BRDA:339,25,1,0
BRF:55
BRH:0
end_of_record
TN:
SF:src\pages\clients\ClientsList.tsx
FN:11,(anonymous_0)
FN:17,(anonymous_1)
FN:23,(anonymous_2)
FN:30,(anonymous_3)
FN:31,(anonymous_4)
FN:38,(anonymous_5)
FN:82,(anonymous_6)
FN:89,(anonymous_7)
FN:105,(anonymous_8)
FN:122,(anonymous_9)
FN:139,(anonymous_10)
FNF:11
FNH:0
FNDA:0,(anonymous_0)
FNDA:0,(anonymous_1)
FNDA:0,(anonymous_2)
FNDA:0,(anonymous_3)
FNDA:0,(anonymous_4)
FNDA:0,(anonymous_5)
FNDA:0,(anonymous_6)
FNDA:0,(anonymous_7)
FNDA:0,(anonymous_8)
FNDA:0,(anonymous_9)
FNDA:0,(anonymous_10)
DA:1,1
DA:2,1
DA:3,1
DA:5,1
DA:6,1
DA:7,1
DA:9,1
DA:11,1
DA:12,0
DA:13,0
DA:14,0
DA:15,0
DA:17,0
DA:18,0
DA:19,0
DA:20,0
DA:21,0
DA:22,0
DA:23,0
DA:25,0
DA:30,0
DA:31,0
DA:32,0
DA:33,0
DA:34,0
DA:35,0
DA:38,0
DA:48,0
DA:50,0
DA:52,0
DA:56,0
DA:59,0
DA:60,0
DA:67,0
DA:68,0
DA:75,0
DA:82,0
DA:90,0
DA:105,0
DA:123,0
DA:139,0
LF:41
LH:8
BRDA:18,0,0,0
BRDA:18,0,1,0
BRDA:21,1,0,0
BRDA:21,1,1,0
BRDA:34,2,0,0
BRDA:34,2,1,0
BRDA:45,3,0,0
BRDA:45,3,1,0
BRDA:59,4,0,0
BRDA:59,4,1,0
BRDA:67,5,0,0
BRDA:67,5,1,0
BRDA:113,6,0,0
BRDA:113,6,1,0
BRDA:128,7,0,0
BRDA:128,7,1,0
BRF:16
BRH:0
end_of_record
TN:
SF:src\pages\clients\CreateClient.tsx
FN:9,(anonymous_0)
FN:21,(anonymous_1)
FN:23,(anonymous_2)
FN:29,(anonymous_3)
FN:61,(anonymous_4)
FN:137,(anonymous_5)
FNF:6
FNH:0
FNDA:0,(anonymous_0)
FNDA:0,(anonymous_1)
FNDA:0,(anonymous_2)
FNDA:0,(anonymous_3)
FNDA:0,(anonymous_4)
FNDA:0,(anonymous_5)
DA:1,1
DA:2,1
DA:3,1
DA:4,1
DA:5,1
DA:6,1
DA:7,1
DA:9,1
DA:10,0
DA:11,0
DA:12,0
DA:13,0
DA:21,0
DA:22,0
DA:23,0
DA:29,0
DA:30,0
DA:31,0
DA:32,0
DA:34,0
DA:35,0
DA:36,0
DA:45,0
DA:46,0
DA:47,0
DA:50,0
DA:52,0
DA:54,0
DA:58,0
DA:61,0
DA:137,0
LF:31
LH:8
BRDA:45,0,0,0
BRDA:45,0,1,0
BRDA:47,1,0,0
BRDA:47,1,1,0
BRDA:77,2,0,0
BRDA:77,2,1,0
BRDA:141,3,0,0
BRDA:141,3,1,0
BRF:8
BRH:0
end_of_record
TN:
SF:src\pages\clients\EditClient.tsx
FN:9,(anonymous_0)
FN:23,(anonymous_1)
FN:24,(anonymous_2)
FN:57,(anonymous_3)
FN:59,(anonymous_4)
FN:65,(anonymous_5)
FN:105,(anonymous_6)
FN:181,(anonymous_7)
FNF:8
FNH:0
FNDA:0,(anonymous_0)
FNDA:0,(anonymous_1)
FNDA:0,(anonymous_2)
FNDA:0,(anonymous_3)
FNDA:0,(anonymous_4)
FNDA:0,(anonymous_5)
FNDA:0,(anonymous_6)
FNDA:0,(anonymous_7)
DA:1,1
DA:2,1
DA:3,1
DA:4,1
DA:5,1
DA:6,1
DA:7,1
DA:9,1
DA:10,0
DA:11,0
DA:12,0
DA:13,0
DA:14,0
DA:15,0
DA:23,0
DA:24,0
DA:25,0
DA:26,0
DA:27,0
DA:33,0
DA:34,0
DA:37,0
DA:38,0
DA:46,0
DA:48,0
DA:52,0
DA:53,0
DA:57,0
DA:58,0
DA:59,0
DA:65,0
DA:66,0
DA:67,0
DA:68,0
DA:70,0
DA:71,0
DA:72,0
DA:81,0
DA:82,0
DA:83,0
DA:86,0
DA:88,0
DA:90,0
DA:94,0
DA:95,0
DA:102,0
DA:105,0
DA:181,0
LF:48
LH:8
BRDA:33,0,0,0
BRDA:33,0,1,0
BRDA:42,1,0,0
BRDA:42,1,1,0
BRDA:52,2,0,0
BRDA:52,2,1,0
BRDA:81,3,0,0
BRDA:81,3,1,0
BRDA:83,4,0,0
BRDA:83,4,1,0
BRDA:94,5,0,0
BRDA:94,5,1,0
BRDA:121,6,0,0
BRDA:121,6,1,0
BRDA:185,7,0,0
BRDA:185,7,1,0
BRF:16
BRH:0
end_of_record
TN:
SF:src\pages\projects\CreateProject.tsx
FN:11,(anonymous_0)
FN:23,(anonymous_1)
FN:24,(anonymous_2)
FN:33,(anonymous_3)
FN:54,(anonymous_4)
FN:56,(anonymous_5)
FN:62,(anonymous_6)
FN:94,(anonymous_7)
FN:148,(anonymous_8)
FN:158,(anonymous_9)
FNF:10
FNH:0
FNDA:0,(anonymous_0)
FNDA:0,(anonymous_1)
FNDA:0,(anonymous_2)
FNDA:0,(anonymous_3)
FNDA:0,(anonymous_4)
FNDA:0,(anonymous_5)
FNDA:0,(anonymous_6)
FNDA:0,(anonymous_7)
FNDA:0,(anonymous_8)
FNDA:0,(anonymous_9)
DA:1,1
DA:2,1
DA:3,1
DA:4,1
DA:5,1
DA:6,1
DA:7,1
DA:8,1
DA:11,1
DA:12,0
DA:13,0
DA:14,0
DA:15,0
DA:16,0
DA:17,0
DA:23,0
DA:24,0
DA:25,0
DA:26,0
DA:27,0
DA:28,0
DA:33,0
DA:42,0
DA:44,0
DA:47,0
DA:51,0
DA:54,0
DA:55,0
DA:56,0
DA:62,0
DA:63,0
DA:64,0
DA:65,0
DA:67,0
DA:68,0
DA:69,0
DA:78,0
DA:79,0
DA:80,0
DA:83,0
DA:85,0
DA:87,0
DA:91,0
DA:94,0
DA:149,0
DA:158,0
LF:46
LH:9
BRDA:27,0,0,0
BRDA:27,0,1,0
BRDA:40,1,0,0
BRDA:40,1,1,0
BRDA:78,2,0,0
BRDA:78,2,1,0
BRDA:80,3,0,0
BRDA:80,3,1,0
BRDA:110,4,0,0
BRDA:110,4,1,0
BRDA:162,5,0,0
BRDA:162,5,1,0
BRF:12
BRH:0
end_of_record
TN:
SF:src\pages\projects\EditProject.tsx
FN:11,(anonymous_0)
FN:24,(anonymous_1)
FN:25,(anonymous_2)
FN:39,(anonymous_3)
FN:79,(anonymous_4)
FN:81,(anonymous_5)
FN:87,(anonymous_6)
FN:127,(anonymous_7)
FN:181,(anonymous_8)
FN:191,(anonymous_9)
FNF:10
FNH:0
FNDA:0,(anonymous_0)
FNDA:0,(anonymous_1)
FNDA:0,(anonymous_2)
FNDA:0,(anonymous_3)
FNDA:0,(anonymous_4)
FNDA:0,(anonymous_5)
FNDA:0,(anonymous_6)
FNDA:0,(anonymous_7)
FNDA:0,(anonymous_8)
FNDA:0,(anonymous_9)
DA:1,1
DA:2,1
DA:3,1
DA:4,1
DA:5,1
DA:6,1
DA:7,1
DA:8,1
DA:11,1
DA:12,0
DA:13,0
DA:14,0
DA:15,0
DA:16,0
DA:17,0
DA:18,0
DA:24,0
DA:25,0
DA:26,0
DA:27,0
DA:28,0
DA:31,0
DA:39,0
DA:48,0
DA:51,0
DA:52,0
DA:54,0
DA:57,0
DA:61,0
DA:68,0
DA:70,0
DA:74,0
DA:75,0
DA:79,0
DA:80,0
DA:81,0
DA:87,0
DA:88,0
DA:89,0
DA:90,0
DA:92,0
DA:93,0
DA:94,0
DA:103,0
DA:104,0
DA:105,0
DA:108,0
DA:110,0
DA:112,0
DA:116,0
DA:117,0
DA:124,0
DA:127,0
DA:182,0
DA:191,0
LF:55
LH:9
BRDA:28,0,0,0
BRDA:28,0,1,0
BRDA:46,1,0,0
BRDA:46,1,1,0
BRDA:51,2,0,0
BRDA:51,2,1,0
BRDA:57,3,0,0
BRDA:57,3,1,0
BRDA:57,4,0,0
BRDA:57,4,1,0
BRDA:59,5,0,0
BRDA:59,5,1,0
BRDA:74,6,0,0
BRDA:74,6,1,0
BRDA:103,7,0,0
BRDA:103,7,1,0
BRDA:105,8,0,0
BRDA:105,8,1,0
BRDA:116,9,0,0
BRDA:116,9,1,0
BRDA:143,10,0,0
BRDA:143,10,1,0
BRDA:195,11,0,0
BRDA:195,11,1,0
BRF:24
BRH:0
end_of_record
TN:
SF:src\pages\projects\ProjectsList.tsx
FN:18,(anonymous_0)
FN:24,(anonymous_1)
FN:25,(anonymous_2)
FN:65,(anonymous_3)
FN:85,(anonymous_4)
FN:92,(anonymous_5)
FNF:6
FNH:0
FNDA:0,(anonymous_0)
FNDA:0,(anonymous_1)
FNDA:0,(anonymous_2)
FNDA:0,(anonymous_3)
FNDA:0,(anonymous_4)
FNDA:0,(anonymous_5)
DA:1,1
DA:2,1
DA:3,1
DA:4,1
DA:5,1
DA:6,1
DA:7,1
DA:18,1
DA:19,0
DA:20,0
DA:21,0
DA:22,0
DA:24,0
DA:25,0
DA:26,0
DA:27,0
DA:28,0
DA:34,0
DA:35,0
DA:38,0
DA:39,0
DA:41,0
DA:43,0
DA:47,0
DA:50,0
DA:51,0
DA:58,0
DA:65,0
DA:86,0
DA:92,0
LF:30
LH:8
BRDA:34,0,0,0
BRDA:34,0,1,0
BRDA:50,1,0,0
BRDA:50,1,1,0
BRDA:79,2,0,0
BRDA:79,2,1,0
BRDA:104,3,0,0
BRDA:104,3,1,0
BRDA:111,4,0,0
BRDA:111,4,1,0
BRDA:115,5,0,0
BRDA:115,5,1,0
BRF:12
BRH:0
end_of_record
TN:
SF:src\pages\users\CreateUser.tsx
FN:12,(anonymous_0)
FN:28,(anonymous_1)
FN:29,(anonymous_2)
FN:46,(anonymous_3)
FN:48,(anonymous_4)
FN:54,(anonymous_5)
FN:55,(anonymous_6)
FN:58,(anonymous_7)
FN:65,(anonymous_8)
FN:86,(anonymous_9)
FN:180,(anonymous_10)
FN:187,(anonymous_11)
FN:202,(anonymous_12)
FNF:13
FNH:0
FNDA:0,(anonymous_0)
FNDA:0,(anonymous_1)
FNDA:0,(anonymous_2)
FNDA:0,(anonymous_3)
FNDA:0,(anonymous_4)
FNDA:0,(anonymous_5)
FNDA:0,(anonymous_6)
FNDA:0,(anonymous_7)
FNDA:0,(anonymous_8)
FNDA:0,(anonymous_9)
FNDA:0,(anonymous_10)
FNDA:0,(anonymous_11)
FNDA:0,(anonymous_12)
DA:1,1
DA:2,1
DA:3,1
DA:4,1
DA:5,1
DA:6,1
DA:7,1
DA:8,1
DA:9,1
DA:12,1
DA:13,0
DA:14,0
DA:15,0
DA:16,0
DA:17,0
DA:18,0
DA:28,0
DA:29,0
DA:30,0
DA:31,0
DA:32,0
DA:33,0
DA:34,0
DA:36,0
DA:39,0
DA:43,0
DA:46,0
DA:47,0
DA:48,0
DA:54,0
DA:55,0
DA:56,0
DA:57,0
DA:58,0
DA:60,0
DA:65,0
DA:66,0
DA:67,0
DA:68,0
DA:70,0
DA:71,0
DA:72,0
DA:74,0
DA:75,0
DA:77,0
DA:79,0
DA:83,0
DA:86,0
DA:181,0
DA:187,0
DA:202,0
LF:51
LH:10
BRDA:32,0,0,0
BRDA:32,0,1,0
BRDA:57,1,0,0
BRDA:57,1,1,0
BRDA:72,2,0,0
BRDA:72,2,1,0
BRDA:102,3,0,0
BRDA:102,3,1,0
BRDA:173,4,0,0
BRDA:173,4,1,0
BRDA:177,5,0,0
BRDA:177,5,1,0
BRDA:206,6,0,0
BRDA:206,6,1,0
BRF:14
BRH:0
end_of_record
TN:
SF:src\pages\users\UsersList.tsx
FN:19,(anonymous_0)
FN:25,(anonymous_1)
FN:26,(anonymous_2)
FN:57,(anonymous_3)
FN:92,(anonymous_4)
FN:102,(anonymous_5)
FNF:6
FNH:0
FNDA:0,(anonymous_0)
FNDA:0,(anonymous_1)
FNDA:0,(anonymous_2)
FNDA:0,(anonymous_3)
FNDA:0,(anonymous_4)
FNDA:0,(anonymous_5)
DA:1,1
DA:2,1
DA:3,1
DA:4,1
DA:5,1
DA:6,1
DA:7,1
DA:19,1
DA:20,0
DA:21,0
DA:22,0
DA:23,0
DA:25,0
DA:26,0
DA:27,0
DA:28,0
DA:29,0
DA:30,0
DA:31,0
DA:33,0
DA:35,0
DA:39,0
DA:42,0
DA:43,0
DA:50,0
DA:57,0
DA:93,0
DA:103,0
LF:28
LH:8
BRDA:29,0,0,0
BRDA:29,0,1,0
BRDA:42,1,0,0
BRDA:42,1,1,0
BRDA:68,2,0,0
BRDA:68,2,1,0
BRDA:85,3,0,0
BRDA:85,3,1,0
BRDA:98,4,0,0
BRDA:98,4,1,0
BRDA:99,5,0,0
BRDA:99,5,1,0
BRDA:102,6,0,0
BRDA:102,6,1,0
BRDA:107,7,0,0
BRDA:107,7,1,0
BRDA:107,7,2,0
BRF:17
BRH:0
end_of_record
TN:
SF:src\services\claims.service.ts
FN:3,(anonymous_0)
FN:25,(anonymous_1)
FN:39,(anonymous_2)
FN:53,(anonymous_3)
FNF:4
FNH:0
FNDA:0,(anonymous_0)
FNDA:0,(anonymous_1)
FNDA:0,(anonymous_2)
FNDA:0,(anonymous_3)
DA:1,1
DA:3,1
DA:4,0
DA:13,0
DA:14,0
DA:15,0
DA:16,0
DA:17,0
DA:19,0
DA:22,0
DA:25,1
DA:26,0
DA:32,0
DA:33,0
DA:36,0
DA:39,1
DA:40,0
DA:46,0
DA:47,0
DA:50,0
DA:53,1
DA:54,0
DA:62,0
DA:63,0
DA:66,0
LF:25
LH:5
BRDA:13,0,0,0
BRDA:13,0,1,0
BRDA:17,1,0,0
BRDA:17,1,1,0
BRDA:32,2,0,0
BRDA:32,2,1,0
BRDA:46,3,0,0
BRDA:46,3,1,0
BRDA:62,4,0,0
BRDA:62,4,1,0
BRF:10
BRH:0
end_of_record
TN:
SF:src\services\clients.service.ts
FN:3,(anonymous_0)
FN:17,(anonymous_1)
FNF:2
FNH:0
FNDA:0,(anonymous_0)
FNDA:0,(anonymous_1)
DA:1,1
DA:3,1
DA:4,0
DA:10,0
DA:11,0
DA:14,0
DA:17,1
DA:18,0
DA:25,0
DA:26,0
DA:29,0
LF:11
LH:3
BRDA:10,0,0,0
BRDA:10,0,1,0
BRDA:25,1,0,0
BRDA:25,1,1,0
BRF:4
BRH:0
end_of_record
TN:
SF:src\services\projects.service.ts
FN:3,(anonymous_0)
FNF:1
FNH:0
FNDA:0,(anonymous_0)
DA:1,1
DA:3,1
DA:4,0
DA:10,0
DA:11,0
DA:14,0
LF:6
LH:2
BRDA:10,0,0,0
BRDA:10,0,1,0
BRF:2
BRH:0
end_of_record
TN:
SF:src\services\roles.service.ts
FN:5,(anonymous_0)
FNF:1
FNH:0
FNDA:0,(anonymous_0)
DA:3,1
DA:5,1
DA:6,0
DA:12,0
DA:13,0
DA:16,0
LF:6
LH:2
BRDA:12,0,0,0
BRDA:12,0,1,0
BRF:2
BRH:0
end_of_record
TN:
SF:src\services\users.service.ts
FN:3,(anonymous_0)
FN:17,(anonymous_1)
FN:28,(anonymous_2)
FNF:3
FNH:0
FNDA:0,(anonymous_0)
FNDA:0,(anonymous_1)
FNDA:0,(anonymous_2)
DA:1,1
DA:3,1
DA:4,0
DA:10,0
DA:11,0
DA:14,0
DA:17,1
DA:18,0
DA:27,0
DA:28,0
DA:29,0
DA:32,0
LF:12
LH:3
BRDA:10,0,0,0
BRDA:10,0,1,0
BRDA:27,1,0,0
BRDA:27,1,1,0
BRDA:29,2,0,0
BRDA:29,2,1,0
BRF:6
BRH:0
end_of_record
